Log file open, 10/18/20 17:54:06
LogWindows: Failed to load 'aqProf.dll' (GetLastError=126)
LogWindows: File 'aqProf.dll' does not exist
LogWindows: Failed to load 'VtuneApi.dll' (GetLastError=126)
LogWindows: File 'VtuneApi.dll' does not exist
LogWindows: Failed to load 'VtuneApi32e.dll' (GetLastError=126)
LogWindows: File 'VtuneApi32e.dll' does not exist
LogConsoleResponse: Display: Failed to find resolution value strings in scalability ini. Falling back to default.
LogInit: Display: Running engine for game: TPSProject
LogPakFile: Registered encryption key '00000000000000000000000000000000': 0 pak files mounted, 0 remain pending
LogPlatformFile: Not using cached read wrapper
LogTaskGraph: Started task graph with 5 named threads and 23 total threads with 3 sets of task threads.
LogStats: Stats thread started at 0.690206
LogD3D11RHI: Loaded GFSDK_Aftermath_Lib.x64.dll
LogICUInternationalization: ICU TimeZone Detection - Raw Offset: -5:00, Platform Override: ''
LogConfig: Warning: Failed to saved backup for config[../../../../../Git/Unreal/ProjectA/TPSProject/Intermediate/Config/CoalescedSourceConfigs/Editor.ini]
LogConfig: Warning: Failed to saved backup for config[../../../../../Git/Unreal/ProjectA/TPSProject/Intermediate/Config/CoalescedSourceConfigs/EditorPerProjectUserSettings.ini]
LogConfig: Warning: Failed to saved backup for config[../../../../../Git/Unreal/ProjectA/TPSProject/Intermediate/Config/CoalescedSourceConfigs/EditorKeyBindings.ini]
LogConfig: Warning: Failed to saved backup for config[../../../../../Git/Unreal/ProjectA/TPSProject/Intermediate/Config/CoalescedSourceConfigs/Lightmass.ini]
LogConfig: Warning: Failed to saved backup for config[../../../../../Git/Unreal/ProjectA/TPSProject/Intermediate/Config/CoalescedSourceConfigs/Scalability.ini]
LogConfig: Warning: Failed to saved backup for config[../../../../../Git/Unreal/ProjectA/TPSProject/Intermediate/Config/CoalescedSourceConfigs/GameUserSettings.ini]
LogPluginManager: Mounting plugin Paper2D
LogConfig: Warning: Failed to saved backup for config[../../../../../Git/Unreal/ProjectA/TPSProject/Intermediate/Config/CoalescedSourceConfigs/Paper2D.ini]
LogPluginManager: Mounting plugin AISupport
LogPluginManager: Mounting plugin LightPropagationVolume
LogPluginManager: Mounting plugin ActorLayerUtilities
LogPluginManager: Mounting plugin AnimationSharing
LogPluginManager: Mounting plugin CLionSourceCodeAccess
LogPluginManager: Mounting plugin CodeLiteSourceCodeAccess
LogPluginManager: Mounting plugin GitSourceControl
LogPluginManager: Mounting plugin KDevelopSourceCodeAccess
LogPluginManager: Mounting plugin NullSourceCodeAccess
LogPluginManager: Mounting plugin PerforceSourceControl
LogPluginManager: Mounting plugin SubversionSourceControl
LogPluginManager: Mounting plugin UObjectPlugin
LogPluginManager: Mounting plugin VisualStudioCodeSourceCodeAccess
LogPluginManager: Mounting plugin VisualStudioSourceCodeAccess
LogPluginManager: Mounting plugin XCodeSourceCodeAccess
LogPluginManager: Mounting plugin AssetManagerEditor
LogPluginManager: Mounting plugin CryptoKeys
LogPluginManager: Mounting plugin DataValidation
LogPluginManager: Mounting plugin FacialAnimation
LogConfig: Warning: Failed to saved backup for config[../../../../../Git/Unreal/ProjectA/TPSProject/Intermediate/Config/CoalescedSourceConfigs/FacialAnimation.ini]
LogPluginManager: Mounting plugin GameplayTagsEditor
LogPluginManager: Mounting plugin MacGraphicsSwitching
LogPluginManager: Mounting plugin MaterialAnalyzer
LogPluginManager: Mounting plugin MobileLauncherProfileWizard
LogPluginManager: Mounting plugin PluginBrowser
LogPluginManager: Mounting plugin SpeedTreeImporter
LogPluginManager: Mounting plugin DatasmithContent
LogPluginManager: Mounting plugin VariantManagerContent
LogPluginManager: Mounting plugin AlembicImporter
LogPluginManager: Mounting plugin AppleImageUtils
LogPluginManager: Mounting plugin AppleVision
LogPluginManager: Mounting plugin BackChannel
LogPluginManager: Mounting plugin CharacterAI
LogPluginManager: Mounting plugin GeometryCache
LogPluginManager: Mounting plugin HTML5Networking
LogPluginManager: Mounting plugin ProxyLODPlugin
LogPluginManager: Mounting plugin SkeletalReduction
LogPluginManager: Mounting plugin MagicLeap
LogPluginManager: Mounting plugin MagicLeapMedia
LogPluginManager: Mounting plugin AndroidMedia
LogPluginManager: Mounting plugin AvfMedia
LogPluginManager: Mounting plugin ImgMedia
LogPluginManager: Mounting plugin LinearTimecode
LogPluginManager: Mounting plugin MediaCompositing
LogPluginManager: Mounting plugin MediaPlayerEditor
LogPluginManager: Mounting plugin WebMMedia
LogPluginManager: Mounting plugin WmfMedia
LogPluginManager: Mounting plugin TcpMessaging
LogPluginManager: Mounting plugin UdpMessaging
LogPluginManager: Mounting plugin ActorSequence
LogPluginManager: Mounting plugin LevelSequenceEditor
LogPluginManager: Mounting plugin MatineeToLevelSequence
LogPluginManager: Mounting plugin NetcodeUnitTest
LogPluginManager: Mounting plugin NUTUnrealEngine4
LogPluginManager: Mounting plugin OnlineSubsystemGooglePlay
LogPluginManager: Mounting plugin OnlineSubsystemIOS
LogPluginManager: Mounting plugin OnlineSubsystem
LogPluginManager: Mounting plugin OnlineSubsystemNull
LogConfig: Warning: Failed to saved backup for config[../../../../../Git/Unreal/ProjectA/TPSProject/Intermediate/Config/CoalescedSourceConfigs/OnlineSubsystemNull.ini]
LogPluginManager: Mounting plugin OnlineSubsystemUtils
LogPluginManager: Mounting plugin LauncherChunkInstaller
LogPluginManager: Mounting plugin AndroidDeviceProfileSelector
LogPluginManager: Mounting plugin AndroidMoviePlayer
LogPluginManager: Mounting plugin AndroidPermission
LogPluginManager: Mounting plugin AppleMoviePlayer
LogPluginManager: Mounting plugin ArchVisCharacter
LogPluginManager: Mounting plugin AudioCapture
LogPluginManager: Mounting plugin CableComponent
LogPluginManager: Mounting plugin CustomMeshComponent
LogPluginManager: Mounting plugin EditableMesh
LogPluginManager: Mounting plugin ExampleDeviceProfileSelector
LogPluginManager: Mounting plugin Firebase
LogPluginManager: Mounting plugin GoogleCloudMessaging
LogPluginManager: Mounting plugin IOSDeviceProfileSelector
LogPluginManager: Mounting plugin LinuxDeviceProfileSelector
LogPluginManager: Mounting plugin LocationServicesBPLibrary
LogPluginManager: Mounting plugin MobilePatchingUtils
LogPluginManager: Mounting plugin OculusVR
LogConfig: Warning: Failed to saved backup for config[../../../../../Git/Unreal/ProjectA/TPSProject/Intermediate/Config/CoalescedSourceConfigs/OculusVR.ini]
LogPluginManager: Mounting plugin PhysXVehicles
LogPluginManager: Mounting plugin ProceduralMeshComponent
LogPluginManager: Mounting plugin RuntimePhysXCooking
LogPluginManager: Mounting plugin SignificanceManager
LogPluginManager: Mounting plugin SteamVR
LogPluginManager: Mounting plugin WebMMoviePlayer
LogPluginManager: Mounting plugin WindowsMoviePlayer
LogInit: Using libcurl 7.55.1-DEV
LogInit:  - built for x86_64-pc-win32
LogInit:  - supports SSL with OpenSSL/1.1.1
LogInit:  - supports HTTP deflate (compression) using libz 1.2.8
LogInit:  - other features:
LogInit:      CURL_VERSION_SSL
LogInit:      CURL_VERSION_LIBZ
LogInit:      CURL_VERSION_IPV6
LogInit:      CURL_VERSION_ASYNCHDNS
LogInit:      CURL_VERSION_LARGEFILE
LogInit:      CURL_VERSION_IDN
LogInit:  CurlRequestOptions (configurable via config and command line):
LogInit:  - bVerifyPeer = true  - Libcurl will verify peer certificate
LogInit:  - bUseHttpProxy = false  - Libcurl will NOT use HTTP proxy
LogInit:  - bDontReuseConnections = false  - Libcurl will reuse connections
LogInit:  - MaxHostConnections = 16  - Libcurl will limit the number of connections to a host
LogInit:  - LocalHostAddr = Default
LogInit:  - BufferSize = 65536
LogInit: WinSock: version 1.1 (2.2), MaxSocks=32767, MaxUdp=65467
LogInit: Build: ++UE4+Release-4.22-CL-7053642
LogInit: Engine Version: 4.22.3-7053642+++UE4+Release-4.22
LogInit: Compatible Engine Version: 4.22.0-5660361+++UE4+Release-4.22
LogInit: Net CL: 5660361
LogInit: OS: Windows 10 (Release 1903) (), CPU: Intel(R) Core(TM) i7-7700HQ CPU @ 2.80GHz, GPU: Intel(R) HD Graphics 630
LogInit: Compiled (64-bit): Jun 18 2019 03:09:11
LogInit: Compiled with Visual C++: 19.16.27025.01
LogInit: Build Configuration: Development
LogInit: Branch Name: ++UE4+Release-4.22
LogInit: Command Line: 
LogInit: Base Directory: D:/UnReal/UE_4.22/Engine/Binaries/Win64/
LogInit: Installed Engine Build: 1
LogDevObjectVersion: Number of dev versions registered: 23
LogDevObjectVersion:   Dev-Blueprints (B0D832E4-1F89-4F0D-ACCF-7EB736FD4AA2): 10
LogDevObjectVersion:   Dev-Build (E1C64328-A22C-4D53-A36C-8E866417BD8C): 0
LogDevObjectVersion:   Dev-Core (375EC13C-06E4-48FB-B500-84F0262A717E): 3
LogDevObjectVersion:   Dev-Editor (E4B068ED-F494-42E9-A231-DA0B2E46BB41): 30
LogDevObjectVersion:   Dev-Framework (CFFC743F-43B0-4480-9391-14DF171D2073): 35
LogDevObjectVersion:   Dev-Mobile (B02B49B5-BB20-44E9-A304-32B752E40360): 2
LogDevObjectVersion:   Dev-Networking (A4E4105C-59A1-49B5-A7C5-40C4547EDFEE): 0
LogDevObjectVersion:   Dev-Online (39C831C9-5AE6-47DC-9A44-9C173E1C8E7C): 0
LogDevObjectVersion:   Dev-Physics (78F01B33-EBEA-4F98-B9B4-84EACCB95AA2): 0
LogDevObjectVersion:   Dev-Platform (6631380F-2D4D-43E0-8009-CF276956A95A): 0
LogDevObjectVersion:   Dev-Rendering (12F88B9F-8875-4AFC-A67C-D90C383ABD29): 28
LogDevObjectVersion:   Dev-Sequencer (7B5AE74C-D270-4C10-A958-57980B212A5A): 11
LogDevObjectVersion:   Dev-VR (D7296918-1DD6-4BDD-9DE2-64A83CC13884): 2
LogDevObjectVersion:   Dev-LoadTimes (C2A15278-BFE7-4AFE-6C17-90FF531DF755): 1
LogDevObjectVersion:   Private-Geometry (6EACA3D4-40EC-4CC1-B786-8BED09428FC5): 3
LogDevObjectVersion:   Dev-AnimPhys (29E575DD-E0A3-4627-9D10-D276232CDCEA): 17
LogDevObjectVersion:   Dev-Anim (AF43A65D-7FD3-4947-9873-3E8ED9C1BB05): 2
LogDevObjectVersion:   Dev-ReflectionCapture (6B266CEC-1EC7-4B8F-A30B-E4D90942FC07): 1
LogDevObjectVersion:   Dev-Automation (0DF73D61-A23F-47EA-B727-89E90C41499A): 1
LogDevObjectVersion:   FortniteMain (601D1886-AC64-4F84-AA16-D3DE0DEAC7D6): 25
LogDevObjectVersion:   Dev-Enterprise (9DFFBCD6-494F-0158-E221-12823C92A888): 6
LogDevObjectVersion:   Dev-Niagara (F2AED0AC-9AFE-416F-8664-AA7FFA26D6FC): 1
LogDevObjectVersion:   Dev-Destruction (174F1F0B-B4C6-45A5-B13F-2EE8D0FB917D): 2
LogInit: Presizing for max 16777216 objects, including 0 objects not considered by GC, pre-allocating 0 bytes for permanent pool.
LogInit: Object subsystem initialized
LogConfig: Setting CVar [[con.DebugEarlyDefault:1]]
LogConfig: Setting CVar [[r.setres:1280x720]]
[2020.10.18-21.54.11:232][  0]LogConfig: Setting CVar [[r.VSync:0]]
[2020.10.18-21.54.11:232][  0]LogConfig: Setting CVar [[r.RHICmdBypass:0]]
[2020.10.18-21.54.11:233][  0]LogConfig: Applying CVar settings from Section [/Script/Engine.RendererSettings] File [D:/Git/Unreal/ProjectA/TPSProject/Saved/Config/Windows/Engine.ini]
[2020.10.18-21.54.11:233][  0]LogConfig: Setting CVar [[r.GPUCrashDebugging:0]]
[2020.10.18-21.54.11:233][  0]LogConfig: Applying CVar settings from Section [/Script/Engine.RendererOverrideSettings] File [D:/Git/Unreal/ProjectA/TPSProject/Saved/Config/Windows/Engine.ini]
[2020.10.18-21.54.11:233][  0]LogConfig: Applying CVar settings from Section [/Script/Engine.StreamingSettings] File [D:/Git/Unreal/ProjectA/TPSProject/Saved/Config/Windows/Engine.ini]
[2020.10.18-21.54.11:233][  0]LogConfig: Setting CVar [[s.MinBulkDataSizeForAsyncLoading:131072]]
[2020.10.18-21.54.11:233][  0]LogConfig: Setting CVar [[s.AsyncLoadingThreadEnabled:0]]
[2020.10.18-21.54.11:233][  0]LogConfig: Setting CVar [[s.EventDrivenLoaderEnabled:1]]
[2020.10.18-21.54.11:233][  0]LogConfig: Setting CVar [[s.WarnIfTimeLimitExceeded:0]]
[2020.10.18-21.54.11:233][  0]LogConfig: Setting CVar [[s.TimeLimitExceededMultiplier:1.5]]
[2020.10.18-21.54.11:233][  0]LogConfig: Setting CVar [[s.TimeLimitExceededMinTime:0.005]]
[2020.10.18-21.54.11:233][  0]LogConfig: Setting CVar [[s.UseBackgroundLevelStreaming:1]]
[2020.10.18-21.54.11:233][  0]LogConfig: Setting CVar [[s.PriorityAsyncLoadingExtraTime:15.0]]
[2020.10.18-21.54.11:233][  0]LogConfig: Setting CVar [[s.LevelStreamingActorsUpdateTimeLimit:5.0]]
[2020.10.18-21.54.11:233][  0]LogConfig: Setting CVar [[s.PriorityLevelStreamingActorsUpdateExtraTime:5.0]]
[2020.10.18-21.54.11:233][  0]LogConfig: Setting CVar [[s.LevelStreamingComponentsRegistrationGranularity:10]]
[2020.10.18-21.54.11:233][  0]LogConfig: Setting CVar [[s.UnregisterComponentsTimeLimit:1.0]]
[2020.10.18-21.54.11:233][  0]LogConfig: Setting CVar [[s.LevelStreamingComponentsUnregistrationGranularity:5]]
[2020.10.18-21.54.11:233][  0]LogConfig: Applying CVar settings from Section [/Script/Engine.GarbageCollectionSettings] File [D:/Git/Unreal/ProjectA/TPSProject/Saved/Config/Windows/Engine.ini]
[2020.10.18-21.54.11:233][  0]LogConfig: Setting CVar [[gc.MaxObjectsNotConsideredByGC:1]]
[2020.10.18-21.54.11:233][  0]LogConfig: Setting CVar [[gc.SizeOfPermanentObjectPool:0]]
[2020.10.18-21.54.11:234][  0]LogConfig: Setting CVar [[gc.FlushStreamingOnGC:0]]
[2020.10.18-21.54.11:234][  0]LogConfig: Setting CVar [[gc.NumRetriesBeforeForcingGC:10]]
[2020.10.18-21.54.11:234][  0]LogConfig: Setting CVar [[gc.AllowParallelGC:1]]
[2020.10.18-21.54.11:234][  0]LogConfig: Setting CVar [[gc.TimeBetweenPurgingPendingKillObjects:61.1]]
[2020.10.18-21.54.11:234][  0]LogConfig: Setting CVar [[gc.MaxObjectsInEditor:16777216]]
[2020.10.18-21.54.11:234][  0]LogConfig: Setting CVar [[gc.IncrementalBeginDestroyEnabled:1]]
[2020.10.18-21.54.11:234][  0]LogConfig: Setting CVar [[gc.CreateGCClusters:1]]
[2020.10.18-21.54.11:234][  0]LogConfig: Setting CVar [[gc.MinGCClusterSize:5]]
[2020.10.18-21.54.11:234][  0]LogConfig: Setting CVar [[gc.ActorClusteringEnabled:0]]
[2020.10.18-21.54.11:234][  0]LogConfig: Setting CVar [[gc.BlueprintClusteringEnabled:0]]
[2020.10.18-21.54.11:234][  0]LogConfig: Setting CVar [[gc.UseDisregardForGCOnDedicatedServers:0]]
[2020.10.18-21.54.11:234][  0]LogConfig: Applying CVar settings from Section [/Script/Engine.NetworkSettings] File [D:/Git/Unreal/ProjectA/TPSProject/Saved/Config/Windows/Engine.ini]
[2020.10.18-21.54.11:234][  0]LogConfig: Applying CVar settings from Section [/Script/UnrealEd.CookerSettings] File [D:/Git/Unreal/ProjectA/TPSProject/Saved/Config/Windows/Engine.ini]
[2020.10.18-21.54.11:277][  0]LogConfig: Applying CVar settings from Section [ViewDistanceQuality@3] File [D:/Git/Unreal/ProjectA/TPSProject/Saved/Config/Windows/Scalability.ini]
[2020.10.18-21.54.11:277][  0]LogConfig: Setting CVar [[r.SkeletalMeshLODBias:0]]
[2020.10.18-21.54.11:277][  0]LogConfig: Setting CVar [[r.ViewDistanceScale:1.0]]
[2020.10.18-21.54.11:277][  0]LogConfig: Applying CVar settings from Section [AntiAliasingQuality@3] File [D:/Git/Unreal/ProjectA/TPSProject/Saved/Config/Windows/Scalability.ini]
[2020.10.18-21.54.11:277][  0]LogConfig: Setting CVar [[r.PostProcessAAQuality:4]]
[2020.10.18-21.54.11:277][  0]LogConfig: Applying CVar settings from Section [ShadowQuality@3] File [D:/Git/Unreal/ProjectA/TPSProject/Saved/Config/Windows/Scalability.ini]
[2020.10.18-21.54.11:277][  0]LogConfig: Setting CVar [[r.LightFunctionQuality:1]]
[2020.10.18-21.54.11:277][  0]LogConfig: Setting CVar [[r.ShadowQuality:5]]
[2020.10.18-21.54.11:277][  0]LogConfig: Setting CVar [[r.Shadow.CSM.MaxCascades:10]]
[2020.10.18-21.54.11:277][  0]LogConfig: Setting CVar [[r.Shadow.MaxResolution:2048]]
[2020.10.18-21.54.11:277][  0]LogConfig: Setting CVar [[r.Shadow.MaxCSMResolution:2048]]
[2020.10.18-21.54.11:277][  0]LogConfig: Setting CVar [[r.Shadow.RadiusThreshold:0.01]]
[2020.10.18-21.54.11:277][  0]LogConfig: Setting CVar [[r.Shadow.DistanceScale:1.0]]
[2020.10.18-21.54.11:277][  0]LogConfig: Setting CVar [[r.Shadow.CSM.TransitionScale:1.0]]
[2020.10.18-21.54.11:277][  0]LogConfig: Setting CVar [[r.Shadow.PreShadowResolutionFactor:1.0]]
[2020.10.18-21.54.11:277][  0]LogConfig: Setting CVar [[r.DistanceFieldShadowing:1]]
[2020.10.18-21.54.11:277][  0]LogConfig: Setting CVar [[r.DistanceFieldAO:1]]
[2020.10.18-21.54.11:277][  0]LogConfig: Setting CVar [[r.AOQuality:2]]
[2020.10.18-21.54.11:277][  0]LogConfig: Setting CVar [[r.VolumetricFog:1]]
[2020.10.18-21.54.11:277][  0]LogConfig: Setting CVar [[r.VolumetricFog.GridPixelSize:8]]
[2020.10.18-21.54.11:278][  0]LogConfig: Setting CVar [[r.VolumetricFog.GridSizeZ:128]]
[2020.10.18-21.54.11:278][  0]LogConfig: Setting CVar [[r.VolumetricFog.HistoryMissSupersampleCount:4]]
[2020.10.18-21.54.11:278][  0]LogConfig: Setting CVar [[r.LightMaxDrawDistanceScale:1]]
[2020.10.18-21.54.11:278][  0]LogConfig: Setting CVar [[r.CapsuleShadows:1]]
[2020.10.18-21.54.11:278][  0]LogConfig: Applying CVar settings from Section [PostProcessQuality@3] File [D:/Git/Unreal/ProjectA/TPSProject/Saved/Config/Windows/Scalability.ini]
[2020.10.18-21.54.11:278][  0]LogConfig: Setting CVar [[r.MotionBlurQuality:4]]
[2020.10.18-21.54.11:278][  0]LogConfig: Setting CVar [[r.AmbientOcclusionMipLevelFactor:0.4]]
[2020.10.18-21.54.11:278][  0]LogConfig: Setting CVar [[r.AmbientOcclusionMaxQuality:100]]
[2020.10.18-21.54.11:278][  0]LogConfig: Setting CVar [[r.AmbientOcclusionLevels:-1]]
[2020.10.18-21.54.11:278][  0]LogConfig: Setting CVar [[r.AmbientOcclusionRadiusScale:1.0]]
[2020.10.18-21.54.11:278][  0]LogConfig: Setting CVar [[r.DepthOfFieldQuality:2]]
[2020.10.18-21.54.11:278][  0]LogConfig: Setting CVar [[r.RenderTargetPoolMin:400]]
[2020.10.18-21.54.11:278][  0]LogConfig: Setting CVar [[r.LensFlareQuality:2]]
[2020.10.18-21.54.11:278][  0]LogConfig: Setting CVar [[r.SceneColorFringeQuality:1]]
[2020.10.18-21.54.11:278][  0]LogConfig: Setting CVar [[r.EyeAdaptationQuality:2]]
[2020.10.18-21.54.11:279][  0]LogConfig: Setting CVar [[r.BloomQuality:5]]
[2020.10.18-21.54.11:279][  0]LogConfig: Setting CVar [[r.FastBlurThreshold:100]]
[2020.10.18-21.54.11:279][  0]LogConfig: Setting CVar [[r.Upscale.Quality:3]]
[2020.10.18-21.54.11:279][  0]LogConfig: Setting CVar [[r.Tonemapper.GrainQuantization:1]]
[2020.10.18-21.54.11:279][  0]LogConfig: Setting CVar [[r.LightShaftQuality:1]]
[2020.10.18-21.54.11:279][  0]LogConfig: Setting CVar [[r.Filter.SizeScale:1]]
[2020.10.18-21.54.11:279][  0]LogConfig: Setting CVar [[r.Tonemapper.Quality:5]]
[2020.10.18-21.54.11:279][  0]LogConfig: Setting CVar [[r.DOF.Gather.AccumulatorQuality:1        ; higher gathering accumulator quality]]
[2020.10.18-21.54.11:279][  0]LogConfig: Setting CVar [[r.DOF.Gather.PostfilterMethod:1          ; Median3x3 postfilering method]]
[2020.10.18-21.54.11:279][  0]LogConfig: Setting CVar [[r.DOF.Gather.EnableBokehSettings:0       ; no bokeh simulation when gathering]]
[2020.10.18-21.54.11:279][  0]LogConfig: Setting CVar [[r.DOF.Gather.RingCount:4                 ; medium number of samples when gathering]]
[2020.10.18-21.54.11:279][  0]LogConfig: Setting CVar [[r.DOF.Scatter.ForegroundCompositing:1    ; additive foreground scattering]]
[2020.10.18-21.54.11:279][  0]LogConfig: Setting CVar [[r.DOF.Scatter.BackgroundCompositing:2    ; additive background scattering]]
[2020.10.18-21.54.11:279][  0]LogConfig: Setting CVar [[r.DOF.Scatter.EnableBokehSettings:1      ; bokeh simulation when scattering]]
[2020.10.18-21.54.11:279][  0]LogConfig: Setting CVar [[r.DOF.Scatter.MaxSpriteRatio:0.1         ; only a maximum of 10% of scattered bokeh]]
[2020.10.18-21.54.11:279][  0]LogConfig: Setting CVar [[r.DOF.Recombine.Quality:1                ; cheap slight out of focus]]
[2020.10.18-21.54.11:279][  0]LogConfig: Setting CVar [[r.DOF.Recombine.EnableBokehSettings:0    ; no bokeh simulation on slight out of focus]]
[2020.10.18-21.54.11:279][  0]LogConfig: Setting CVar [[r.DOF.TemporalAAQuality:1                ; more stable temporal accumulation]]
[2020.10.18-21.54.11:280][  0]LogConfig: Setting CVar [[r.DOF.Kernel.MaxForegroundRadius:0.025]]
[2020.10.18-21.54.11:280][  0]LogConfig: Setting CVar [[r.DOF.Kernel.MaxBackgroundRadius:0.025]]
[2020.10.18-21.54.11:280][  0]LogConfig: Applying CVar settings from Section [TextureQuality@3] File [D:/Git/Unreal/ProjectA/TPSProject/Saved/Config/Windows/Scalability.ini]
[2020.10.18-21.54.11:280][  0]LogConfig: Setting CVar [[r.Streaming.MipBias:0]]
[2020.10.18-21.54.11:280][  0]LogConfig: Setting CVar [[r.Streaming.AmortizeCPUToGPUCopy:0]]
[2020.10.18-21.54.11:280][  0]LogConfig: Setting CVar [[r.Streaming.MaxNumTexturesToStreamPerFrame:0]]
[2020.10.18-21.54.11:280][  0]LogConfig: Setting CVar [[r.Streaming.Boost:1]]
[2020.10.18-21.54.11:280][  0]LogConfig: Setting CVar [[r.MaxAnisotropy:8]]
[2020.10.18-21.54.11:280][  0]LogConfig: Setting CVar [[r.Streaming.LimitPoolSizeToVRAM:0]]
[2020.10.18-21.54.11:281][  0]LogConfig: Setting CVar [[r.Streaming.PoolSize:1000]]
[2020.10.18-21.54.11:281][  0]LogConfig: Setting CVar [[r.Streaming.MaxEffectiveScreenSize:0]]
[2020.10.18-21.54.11:281][  0]LogConfig: Applying CVar settings from Section [EffectsQuality@3] File [D:/Git/Unreal/ProjectA/TPSProject/Saved/Config/Windows/Scalability.ini]
[2020.10.18-21.54.11:281][  0]LogConfig: Setting CVar [[r.TranslucencyLightingVolumeDim:64]]
[2020.10.18-21.54.11:281][  0]LogConfig: Setting CVar [[r.RefractionQuality:2]]
[2020.10.18-21.54.11:282][  0]LogConfig: Setting CVar [[r.SSR.Quality:3]]
[2020.10.18-21.54.11:282][  0]LogConfig: Setting CVar [[r.SceneColorFormat:4]]
[2020.10.18-21.54.11:282][  0]LogConfig: Setting CVar [[r.DetailMode:2]]
[2020.10.18-21.54.11:282][  0]LogConfig: Setting CVar [[r.TranslucencyVolumeBlur:1]]
[2020.10.18-21.54.11:282][  0]LogConfig: Setting CVar [[r.MaterialQualityLevel:1 ; High quality]]
[2020.10.18-21.54.11:282][  0]LogConfig: Setting CVar [[r.SSS.Scale:1]]
[2020.10.18-21.54.11:282][  0]LogConfig: Setting CVar [[r.SSS.SampleSet:2]]
[2020.10.18-21.54.11:282][  0]LogConfig: Setting CVar [[r.SSS.Quality:1]]
[2020.10.18-21.54.11:282][  0]LogConfig: Setting CVar [[r.SSS.HalfRes:1]]
[2020.10.18-21.54.11:282][  0]LogConfig: Setting CVar [[r.EmitterSpawnRateScale:1.0]]
[2020.10.18-21.54.11:282][  0]LogConfig: Setting CVar [[r.ParticleLightQuality:2]]
[2020.10.18-21.54.11:283][  0]LogConfig: Applying CVar settings from Section [FoliageQuality@3] File [D:/Git/Unreal/ProjectA/TPSProject/Saved/Config/Windows/Scalability.ini]
[2020.10.18-21.54.11:283][  0]LogConfig: Setting CVar [[foliage.DensityScale:1.0]]
[2020.10.18-21.54.11:283][  0]LogConfig: Setting CVar [[grass.DensityScale:1.0]]
[2020.10.18-21.54.11:293][  0]LogInit: Selected Device Profile: [Windows]
[2020.10.18-21.54.11:293][  0]LogInit: Applying CVar settings loaded from the selected device profile: [Windows]
[2020.10.18-21.54.11:325][  0]LogConfig: Warning: Failed to saved backup for config[../../../../../Git/Unreal/ProjectA/TPSProject/Intermediate/Config/CoalescedSourceConfigs/DeviceProfiles.ini]
[2020.10.18-21.54.11:389][  0]LogHAL: Display: Platform has ~ 16 GB [17053462528 / 17179869184 / 16], which maps to Larger [LargestMinGB=32, LargerMinGB=12, DefaultMinGB=8, SmallerMinGB=6, SmallestMinGB=0)
[2020.10.18-21.54.11:393][  0]LogConfig: Setting CVar [[r.Vulkan.UseRealUBs:0		; Required until we fix HLR fall-out]]
[2020.10.18-21.54.11:393][  0]LogInit: Going up to parent DeviceProfile []
[2020.10.18-21.54.11:394][  0]LogConfig: Applying CVar settings from Section [ViewDistanceQuality@3] File [D:/Git/Unreal/ProjectA/TPSProject/Saved/Config/Windows/Scalability.ini]
[2020.10.18-21.54.11:394][  0]LogConfig: Setting CVar [[r.SkeletalMeshLODBias:0]]
[2020.10.18-21.54.11:394][  0]LogConfig: Setting CVar [[r.ViewDistanceScale:1.0]]
[2020.10.18-21.54.11:394][  0]LogConfig: Applying CVar settings from Section [AntiAliasingQuality@3] File [D:/Git/Unreal/ProjectA/TPSProject/Saved/Config/Windows/Scalability.ini]
[2020.10.18-21.54.11:395][  0]LogConfig: Setting CVar [[r.PostProcessAAQuality:4]]
[2020.10.18-21.54.11:395][  0]LogConfig: Applying CVar settings from Section [ShadowQuality@3] File [D:/Git/Unreal/ProjectA/TPSProject/Saved/Config/Windows/Scalability.ini]
[2020.10.18-21.54.11:395][  0]LogConfig: Setting CVar [[r.LightFunctionQuality:1]]
[2020.10.18-21.54.11:395][  0]LogConfig: Setting CVar [[r.ShadowQuality:5]]
[2020.10.18-21.54.11:395][  0]LogConfig: Setting CVar [[r.Shadow.CSM.MaxCascades:10]]
[2020.10.18-21.54.11:395][  0]LogConfig: Setting CVar [[r.Shadow.MaxResolution:2048]]
[2020.10.18-21.54.11:395][  0]LogConfig: Setting CVar [[r.Shadow.MaxCSMResolution:2048]]
[2020.10.18-21.54.11:395][  0]LogConfig: Setting CVar [[r.Shadow.RadiusThreshold:0.01]]
[2020.10.18-21.54.11:395][  0]LogConfig: Setting CVar [[r.Shadow.DistanceScale:1.0]]
[2020.10.18-21.54.11:395][  0]LogConfig: Setting CVar [[r.Shadow.CSM.TransitionScale:1.0]]
[2020.10.18-21.54.11:395][  0]LogConfig: Setting CVar [[r.Shadow.PreShadowResolutionFactor:1.0]]
[2020.10.18-21.54.11:395][  0]LogConfig: Setting CVar [[r.DistanceFieldShadowing:1]]
[2020.10.18-21.54.11:395][  0]LogConfig: Setting CVar [[r.DistanceFieldAO:1]]
[2020.10.18-21.54.11:395][  0]LogConfig: Setting CVar [[r.AOQuality:2]]
[2020.10.18-21.54.11:395][  0]LogConfig: Setting CVar [[r.VolumetricFog:1]]
[2020.10.18-21.54.11:395][  0]LogConfig: Setting CVar [[r.VolumetricFog.GridPixelSize:8]]
[2020.10.18-21.54.11:395][  0]LogConfig: Setting CVar [[r.VolumetricFog.GridSizeZ:128]]
[2020.10.18-21.54.11:395][  0]LogConfig: Setting CVar [[r.VolumetricFog.HistoryMissSupersampleCount:4]]
[2020.10.18-21.54.11:395][  0]LogConfig: Setting CVar [[r.LightMaxDrawDistanceScale:1]]
[2020.10.18-21.54.11:395][  0]LogConfig: Setting CVar [[r.CapsuleShadows:1]]
[2020.10.18-21.54.11:395][  0]LogConfig: Applying CVar settings from Section [PostProcessQuality@3] File [D:/Git/Unreal/ProjectA/TPSProject/Saved/Config/Windows/Scalability.ini]
[2020.10.18-21.54.11:396][  0]LogConfig: Setting CVar [[r.MotionBlurQuality:4]]
[2020.10.18-21.54.11:396][  0]LogConfig: Setting CVar [[r.AmbientOcclusionMipLevelFactor:0.4]]
[2020.10.18-21.54.11:396][  0]LogConfig: Setting CVar [[r.AmbientOcclusionMaxQuality:100]]
[2020.10.18-21.54.11:396][  0]LogConfig: Setting CVar [[r.AmbientOcclusionLevels:-1]]
[2020.10.18-21.54.11:396][  0]LogConfig: Setting CVar [[r.AmbientOcclusionRadiusScale:1.0]]
[2020.10.18-21.54.11:396][  0]LogConfig: Setting CVar [[r.DepthOfFieldQuality:2]]
[2020.10.18-21.54.11:396][  0]LogConfig: Setting CVar [[r.RenderTargetPoolMin:400]]
[2020.10.18-21.54.11:396][  0]LogConfig: Setting CVar [[r.LensFlareQuality:2]]
[2020.10.18-21.54.11:396][  0]LogConfig: Setting CVar [[r.SceneColorFringeQuality:1]]
[2020.10.18-21.54.11:396][  0]LogConfig: Setting CVar [[r.EyeAdaptationQuality:2]]
[2020.10.18-21.54.11:396][  0]LogConfig: Setting CVar [[r.BloomQuality:5]]
[2020.10.18-21.54.11:396][  0]LogConfig: Setting CVar [[r.FastBlurThreshold:100]]
[2020.10.18-21.54.11:396][  0]LogConfig: Setting CVar [[r.Upscale.Quality:3]]
[2020.10.18-21.54.11:396][  0]LogConfig: Setting CVar [[r.Tonemapper.GrainQuantization:1]]
[2020.10.18-21.54.11:396][  0]LogConfig: Setting CVar [[r.LightShaftQuality:1]]
[2020.10.18-21.54.11:396][  0]LogConfig: Setting CVar [[r.Filter.SizeScale:1]]
[2020.10.18-21.54.11:396][  0]LogConfig: Setting CVar [[r.Tonemapper.Quality:5]]
[2020.10.18-21.54.11:396][  0]LogConfig: Setting CVar [[r.DOF.Gather.AccumulatorQuality:1        ; higher gathering accumulator quality]]
[2020.10.18-21.54.11:396][  0]LogConfig: Setting CVar [[r.DOF.Gather.PostfilterMethod:1          ; Median3x3 postfilering method]]
[2020.10.18-21.54.11:396][  0]LogConfig: Setting CVar [[r.DOF.Gather.EnableBokehSettings:0       ; no bokeh simulation when gathering]]
[2020.10.18-21.54.11:396][  0]LogConfig: Setting CVar [[r.DOF.Gather.RingCount:4                 ; medium number of samples when gathering]]
[2020.10.18-21.54.11:396][  0]LogConfig: Setting CVar [[r.DOF.Scatter.ForegroundCompositing:1    ; additive foreground scattering]]
[2020.10.18-21.54.11:396][  0]LogConfig: Setting CVar [[r.DOF.Scatter.BackgroundCompositing:2    ; additive background scattering]]
[2020.10.18-21.54.11:396][  0]LogConfig: Setting CVar [[r.DOF.Scatter.EnableBokehSettings:1      ; bokeh simulation when scattering]]
[2020.10.18-21.54.11:396][  0]LogConfig: Setting CVar [[r.DOF.Scatter.MaxSpriteRatio:0.1         ; only a maximum of 10% of scattered bokeh]]
[2020.10.18-21.54.11:396][  0]LogConfig: Setting CVar [[r.DOF.Recombine.Quality:1                ; cheap slight out of focus]]
[2020.10.18-21.54.11:396][  0]LogConfig: Setting CVar [[r.DOF.Recombine.EnableBokehSettings:0    ; no bokeh simulation on slight out of focus]]
[2020.10.18-21.54.11:396][  0]LogConfig: Setting CVar [[r.DOF.TemporalAAQuality:1                ; more stable temporal accumulation]]
[2020.10.18-21.54.11:396][  0]LogConfig: Setting CVar [[r.DOF.Kernel.MaxForegroundRadius:0.025]]
[2020.10.18-21.54.11:397][  0]LogConfig: Setting CVar [[r.DOF.Kernel.MaxBackgroundRadius:0.025]]
[2020.10.18-21.54.11:397][  0]LogConfig: Applying CVar settings from Section [TextureQuality@3] File [D:/Git/Unreal/ProjectA/TPSProject/Saved/Config/Windows/Scalability.ini]
[2020.10.18-21.54.11:397][  0]LogConfig: Setting CVar [[r.Streaming.MipBias:0]]
[2020.10.18-21.54.11:397][  0]LogConfig: Setting CVar [[r.Streaming.AmortizeCPUToGPUCopy:0]]
[2020.10.18-21.54.11:397][  0]LogConfig: Setting CVar [[r.Streaming.MaxNumTexturesToStreamPerFrame:0]]
[2020.10.18-21.54.11:397][  0]LogConfig: Setting CVar [[r.Streaming.Boost:1]]
[2020.10.18-21.54.11:397][  0]LogConfig: Setting CVar [[r.MaxAnisotropy:8]]
[2020.10.18-21.54.11:398][  0]LogConfig: Setting CVar [[r.Streaming.LimitPoolSizeToVRAM:0]]
[2020.10.18-21.54.11:398][  0]LogConfig: Setting CVar [[r.Streaming.PoolSize:1000]]
[2020.10.18-21.54.11:398][  0]LogConfig: Setting CVar [[r.Streaming.MaxEffectiveScreenSize:0]]
[2020.10.18-21.54.11:398][  0]LogConfig: Applying CVar settings from Section [EffectsQuality@3] File [D:/Git/Unreal/ProjectA/TPSProject/Saved/Config/Windows/Scalability.ini]
[2020.10.18-21.54.11:398][  0]LogConfig: Setting CVar [[r.TranslucencyLightingVolumeDim:64]]
[2020.10.18-21.54.11:398][  0]LogConfig: Setting CVar [[r.RefractionQuality:2]]
[2020.10.18-21.54.11:398][  0]LogConfig: Setting CVar [[r.SSR.Quality:3]]
[2020.10.18-21.54.11:398][  0]LogConfig: Setting CVar [[r.SceneColorFormat:4]]
[2020.10.18-21.54.11:398][  0]LogConfig: Setting CVar [[r.DetailMode:2]]
[2020.10.18-21.54.11:398][  0]LogConfig: Setting CVar [[r.TranslucencyVolumeBlur:1]]
[2020.10.18-21.54.11:398][  0]LogConfig: Setting CVar [[r.MaterialQualityLevel:1 ; High quality]]
[2020.10.18-21.54.11:398][  0]LogConfig: Setting CVar [[r.SSS.Scale:1]]
[2020.10.18-21.54.11:398][  0]LogConfig: Setting CVar [[r.SSS.SampleSet:2]]
[2020.10.18-21.54.11:398][  0]LogConfig: Setting CVar [[r.SSS.Quality:1]]
[2020.10.18-21.54.11:399][  0]LogConfig: Setting CVar [[r.SSS.HalfRes:1]]
[2020.10.18-21.54.11:399][  0]LogConfig: Setting CVar [[r.EmitterSpawnRateScale:1.0]]
[2020.10.18-21.54.11:399][  0]LogConfig: Setting CVar [[r.ParticleLightQuality:2]]
[2020.10.18-21.54.11:399][  0]LogConfig: Applying CVar settings from Section [FoliageQuality@3] File [D:/Git/Unreal/ProjectA/TPSProject/Saved/Config/Windows/Scalability.ini]
[2020.10.18-21.54.11:399][  0]LogConfig: Setting CVar [[foliage.DensityScale:1.0]]
[2020.10.18-21.54.11:399][  0]LogConfig: Setting CVar [[grass.DensityScale:1.0]]
[2020.10.18-21.54.11:399][  0]LogConfig: Applying CVar settings from Section [Startup] File [../../../Engine/Config/ConsoleVariables.ini]
[2020.10.18-21.54.11:407][  0]LogConfig: Setting CVar [[net.UseAdaptiveNetUpdateFrequency:0]]
[2020.10.18-21.54.11:407][  0]LogConfig: Setting CVar [[p.chaos.AllowCreatePhysxBodies:1]]
[2020.10.18-21.54.11:407][  0]LogConfig: Applying CVar settings from Section [ConsoleVariables] File [D:/Git/Unreal/ProjectA/TPSProject/Saved/Config/Windows/Engine.ini]
[2020.10.18-21.54.11:478][  0]LogInit: Computer: DESKTOP-3KM13R4
[2020.10.18-21.54.11:478][  0]LogInit: User: liuhongfei
[2020.10.18-21.54.11:478][  0]LogInit: CPU Page size=4096, Cores=4
[2020.10.18-21.54.11:479][  0]LogInit: High frequency timer resolution =10.000000 MHz
[2020.10.18-21.54.11:480][  0]LogMemory: Memory total: Physical=15.9GB (16GB approx)
[2020.10.18-21.54.11:480][  0]LogMemory: Platform Memory Stats for Windows
[2020.10.18-21.54.11:480][  0]LogMemory: Process Physical Memory: 96.59 MB used, 96.59 MB peak
[2020.10.18-21.54.11:480][  0]LogMemory: Process Virtual Memory: 90.52 MB used, 90.52 MB peak
[2020.10.18-21.54.11:480][  0]LogMemory: Physical Memory: 10851.32 MB used,  5412.13 MB free, 16263.45 MB total
[2020.10.18-21.54.11:480][  0]LogMemory: Virtual Memory: 4644.00 MB used,  134213080.00 MB free, 134217728.00 MB total
[2020.10.18-21.54.12:419][  0]LogInit: Overriding language with editor language configuration option (en).
[2020.10.18-21.54.12:419][  0]LogInit: Overriding locale with editor locale configuration option (en).
[2020.10.18-21.54.13:390][  0]LogInit: Setting process to per monitor DPI aware
[2020.10.18-21.54.14:460][  0]LogSlate: New Slate User Created.  User Index 0, Is Virtual User: 0
[2020.10.18-21.54.14:460][  0]LogSlate: Slate User Registered.  User Index 0, Is Virtual User: 0
[2020.10.18-21.54.16:275][  0]LogHMD: Failed to initialize OpenVR with code 110
[2020.10.18-21.54.16:275][  0]LogD3D11RHI: D3D11 adapters:
[2020.10.18-21.54.16:511][  0]LogD3D11RHI:    0. 'NVIDIA GeForce GTX 1060' (Feature Level 11_0)
[2020.10.18-21.54.16:512][  0]LogD3D11RHI:       6052/0/8131 MB DedicatedVideo/DedicatedSystem/SharedSystem, Outputs:1, VendorId:0x10de
[2020.10.18-21.54.16:584][  0]LogD3D11RHI:    1. 'Intel(R) HD Graphics 630' (Feature Level 11_0)
[2020.10.18-21.54.16:584][  0]LogD3D11RHI:       128/0/8131 MB DedicatedVideo/DedicatedSystem/SharedSystem, Outputs:0, VendorId:0x8086
[2020.10.18-21.54.16:590][  0]LogD3D11RHI:    2. 'Microsoft Basic Render Driver' (Feature Level 11_0)
[2020.10.18-21.54.16:591][  0]LogD3D11RHI:       0/0/8131 MB DedicatedVideo/DedicatedSystem/SharedSystem, Outputs:0, VendorId:0x1414
[2020.10.18-21.54.16:591][  0]LogD3D11RHI: Chosen D3D11 Adapter: 0
[2020.10.18-21.54.16:662][  0]LogD3D11RHI: Creating new Direct3DDevice
[2020.10.18-21.54.16:662][  0]LogD3D11RHI:     GPU DeviceId: 0x1c20 (for the marketing name, search the web for "GPU Device Id")
[2020.10.18-21.54.16:662][  0]LogWindows: EnumDisplayDevices:
[2020.10.18-21.54.16:662][  0]LogWindows:    0. 'Intel(R) HD Graphics 630' (P:1 D:1)
[2020.10.18-21.54.16:664][  0]LogWindows:    1. 'Intel(R) HD Graphics 630' (P:0 D:0)
[2020.10.18-21.54.16:665][  0]LogWindows:    2. 'Intel(R) HD Graphics 630' (P:0 D:0)
[2020.10.18-21.54.16:666][  0]LogWindows:    3. 'NVIDIA GeForce GTX 1060' (P:0 D:0)
[2020.10.18-21.54.16:667][  0]LogWindows:    4. 'NVIDIA GeForce GTX 1060' (P:0 D:0)
[2020.10.18-21.54.16:667][  0]LogWindows:    5. 'NVIDIA GeForce GTX 1060' (P:0 D:0)
[2020.10.18-21.54.16:668][  0]LogWindows:    6. 'NVIDIA GeForce GTX 1060' (P:0 D:0)
[2020.10.18-21.54.16:668][  0]LogWindows: DebugString: PrimaryIsNotTheChoosenAdapter PrimaryIsNotTheChoosenAdapter PrimaryIsNotTheChoosenAdapter FoundDriverCount:4 
[2020.10.18-21.54.16:668][  0]LogD3D11RHI:     Adapter Name: NVIDIA GeForce GTX 1060
[2020.10.18-21.54.16:668][  0]LogD3D11RHI:   Driver Version: 445.87 (internal:26.21.14.4587, unified:445.87)
[2020.10.18-21.54.16:668][  0]LogD3D11RHI:      Driver Date: 4-3-2020
[2020.10.18-21.54.16:668][  0]LogRHI: Texture pool is 4236 MB (70% of 6052 MB)
[2020.10.18-21.54.16:834][  0]LogD3D11RHI: Async texture creation enabled
[2020.10.18-21.54.17:210][  0]LogRendererCore: FGlobalReadBuffer::InitRHI
[2020.10.18-21.54.17:228][  0]LogRendererCore: FGlobalReadBuffer::InitRHI
[2020.10.18-21.54.17:228][  0]LogRendererCore: FGlobalReadBuffer::InitRHI
[2020.10.18-21.54.17:290][  0]LogD3D11RHI: GPU Timing Frequency: 1000.000000 (Debug: 2 1)
[2020.10.18-21.54.19:940][  0]LogTemp: Display: Module 'AllDesktopTargetPlatform' loaded TargetPlatform 'AllDesktop'
[2020.10.18-21.54.20:004][  0]LogTemp: Display: Module 'MacClientTargetPlatform' loaded TargetPlatform 'MacClient'
[2020.10.18-21.54.20:136][  0]LogTemp: Display: Module 'MacNoEditorTargetPlatform' loaded TargetPlatform 'MacNoEditor'
[2020.10.18-21.54.20:181][  0]LogTemp: Display: Module 'MacServerTargetPlatform' loaded TargetPlatform 'MacServer'
[2020.10.18-21.54.20:259][  0]LogTemp: Display: Module 'MacTargetPlatform' loaded TargetPlatform 'Mac'
[2020.10.18-21.54.20:339][  0]LogTemp: Display: Module 'WindowsClientTargetPlatform' loaded TargetPlatform 'WindowsClient'
[2020.10.18-21.54.20:380][  0]LogTemp: Display: Module 'WindowsNoEditorTargetPlatform' loaded TargetPlatform 'WindowsNoEditor'
[2020.10.18-21.54.20:427][  0]LogTemp: Display: Module 'WindowsServerTargetPlatform' loaded TargetPlatform 'WindowsServer'
[2020.10.18-21.54.20:461][  0]LogTemp: Display: Module 'WindowsTargetPlatform' loaded TargetPlatform 'Windows'
[2020.10.18-21.54.20:746][  0]LogTemp: Display: Module 'AndroidTargetPlatform' loaded TargetPlatform 'Android'
[2020.10.18-21.54.20:746][  0]LogTemp: Display: Module 'AndroidTargetPlatform' loaded TargetPlatform 'Android_ASTC'
[2020.10.18-21.54.20:746][  0]LogTemp: Display: Module 'AndroidTargetPlatform' loaded TargetPlatform 'Android_ATC'
[2020.10.18-21.54.20:746][  0]LogTemp: Display: Module 'AndroidTargetPlatform' loaded TargetPlatform 'Android_DXT'
[2020.10.18-21.54.20:746][  0]LogTemp: Display: Module 'AndroidTargetPlatform' loaded TargetPlatform 'Android_ETC1'
[2020.10.18-21.54.20:746][  0]LogTemp: Display: Module 'AndroidTargetPlatform' loaded TargetPlatform 'Android_ETC1a'
[2020.10.18-21.54.20:746][  0]LogTemp: Display: Module 'AndroidTargetPlatform' loaded TargetPlatform 'Android_ETC2'
[2020.10.18-21.54.20:746][  0]LogTemp: Display: Module 'AndroidTargetPlatform' loaded TargetPlatform 'Android_PVRTC'
[2020.10.18-21.54.20:746][  0]LogTemp: Display: Module 'AndroidTargetPlatform' loaded TargetPlatform 'AndroidClient'
[2020.10.18-21.54.20:746][  0]LogTemp: Display: Module 'AndroidTargetPlatform' loaded TargetPlatform 'Android_ASTCClient'
[2020.10.18-21.54.20:746][  0]LogTemp: Display: Module 'AndroidTargetPlatform' loaded TargetPlatform 'Android_ATCClient'
[2020.10.18-21.54.20:746][  0]LogTemp: Display: Module 'AndroidTargetPlatform' loaded TargetPlatform 'Android_DXTClient'
[2020.10.18-21.54.20:746][  0]LogTemp: Display: Module 'AndroidTargetPlatform' loaded TargetPlatform 'Android_ETC1Client'
[2020.10.18-21.54.20:746][  0]LogTemp: Display: Module 'AndroidTargetPlatform' loaded TargetPlatform 'Android_ETC1aClient'
[2020.10.18-21.54.20:746][  0]LogTemp: Display: Module 'AndroidTargetPlatform' loaded TargetPlatform 'Android_ETC2Client'
[2020.10.18-21.54.20:746][  0]LogTemp: Display: Module 'AndroidTargetPlatform' loaded TargetPlatform 'Android_PVRTCClient'
[2020.10.18-21.54.20:746][  0]LogTemp: Display: Module 'AndroidTargetPlatform' loaded TargetPlatform 'Android_Multi'
[2020.10.18-21.54.20:746][  0]LogTemp: Display: Module 'AndroidTargetPlatform' loaded TargetPlatform 'Android_MultiClient'
[2020.10.18-21.54.20:876][  0]LogTemp: Display: Module 'HTML5TargetPlatform' loaded TargetPlatform 'HTML5'
[2020.10.18-21.54.21:075][  0]LogTemp: Display: Module 'IOSTargetPlatform' loaded TargetPlatform 'IOSClient'
[2020.10.18-21.54.21:075][  0]LogTemp: Display: Module 'IOSTargetPlatform' loaded TargetPlatform 'IOS'
[2020.10.18-21.54.21:157][  0]LogTemp: Display: Module 'TVOSTargetPlatform' loaded TargetPlatform 'TVOSClient'
[2020.10.18-21.54.21:157][  0]LogTemp: Display: Module 'TVOSTargetPlatform' loaded TargetPlatform 'TVOS'
[2020.10.18-21.54.21:247][  0]LogTemp: Display: Module 'LinuxClientTargetPlatform' loaded TargetPlatform 'LinuxClient'
[2020.10.18-21.54.21:277][  0]LogTemp: Display: Module 'LinuxNoEditorTargetPlatform' loaded TargetPlatform 'LinuxNoEditor'
[2020.10.18-21.54.21:361][  0]LogTemp: Display: Module 'LinuxServerTargetPlatform' loaded TargetPlatform 'LinuxServer'
[2020.10.18-21.54.21:434][  0]LogTemp: Display: Module 'LinuxTargetPlatform' loaded TargetPlatform 'Linux'
[2020.10.18-21.54.21:561][  0]LogTemp: Display: Module 'LuminTargetPlatform' loaded TargetPlatform 'Lumin'
[2020.10.18-21.54.21:561][  0]LogTemp: Display: Module 'LuminTargetPlatform' loaded TargetPlatform 'LuminClient'
[2020.10.18-21.54.21:562][  0]LogTargetPlatformManager: Display: Building Assets For Windows
[2020.10.18-21.54.22:003][  0]LogAudioDebug: Display: Lib vorbis DLL was dynamically loaded.
[2020.10.18-21.54.22:595][  0]LogShaderCompilers: Guid format shader working directory is 6 characters bigger than the processId version (../../../../../Git/Unreal/ProjectA/TPSProject/Intermediate/Shaders/WorkingDirectory/19204/).
[2020.10.18-21.54.22:596][  0]LogShaderCompilers: Cleaned the shader compiler working directory 'C:/Users/liu hongfei/AppData/Local/Temp/UnrealShaderWorkingDir/89B741EA46C639D7B341A59181A025B2/'.
[2020.10.18-21.54.22:625][  0]LogXGEController: Cannot use XGE Controller as Incredibuild is not installed on this machine.
[2020.10.18-21.54.22:626][  0]LogShaderCompilers: Cannot use XGE Shader Compiler as Incredibuild is not installed on this machine.
[2020.10.18-21.54.22:626][  0]LogShaderCompilers: Display: Using Local Shader Compiler.
[2020.10.18-21.54.26:645][  0]LogDerivedDataCache: Display: Max Cache Size: 512 MB
[2020.10.18-21.54.26:919][  0]LogDerivedDataCache: Loaded boot cache 0.27s 71MB C:/Users/liu hongfei/AppData/Local/UnrealEngine/4.22/DerivedDataCache/Boot.ddc.
[2020.10.18-21.54.26:919][  0]LogDerivedDataCache: Display: Loaded Boot cache: C:/Users/liu hongfei/AppData/Local/UnrealEngine/4.22/DerivedDataCache/Boot.ddc
[2020.10.18-21.54.26:919][  0]LogDerivedDataCache: FDerivedDataBackendGraph:  Pak pak cache file ../../../../../Git/Unreal/ProjectA/TPSProject/DerivedDataCache/DDC.ddp not found, will not use a pak cache.
[2020.10.18-21.54.26:919][  0]LogDerivedDataCache: Unable to find inner node Pak for hierarchical cache Hierarchy.
[2020.10.18-21.54.26:919][  0]LogDerivedDataCache: FDerivedDataBackendGraph:  CompressedPak pak cache file ../../../../../Git/Unreal/ProjectA/TPSProject/DerivedDataCache/Compressed.ddp not found, will not use a pak cache.
[2020.10.18-21.54.26:919][  0]LogDerivedDataCache: Unable to find inner node CompressedPak for hierarchical cache Hierarchy.
[2020.10.18-21.54.27:075][  0]LogDerivedDataCache: Display: Pak cache opened for reading ../../../Engine/DerivedDataCache/Compressed.ddp.
[2020.10.18-21.54.27:076][  0]LogDerivedDataCache: FDerivedDataBackendGraph:  EnterprisePak pak cache file ../../../Enterprise/DerivedDataCache/Compressed.ddp not found, will not use a pak cache.
[2020.10.18-21.54.27:076][  0]LogDerivedDataCache: Unable to find inner node EnterprisePak for hierarchical cache Hierarchy.
[2020.10.18-21.54.27:093][  0]LogDerivedDataCache: Using Local data cache path C:/Users/liu hongfei/AppData/Local/UnrealEngine/Common/DerivedDataCache: Writable
[2020.10.18-21.54.27:093][  0]LogDerivedDataCache: Shared data cache path not found in *engine.ini, will not use an Shared cache.
[2020.10.18-21.54.27:093][  0]LogDerivedDataCache: Unable to find inner node Shared for hierarchical cache Hierarchy.
[2020.10.18-21.54.27:164][  0]LogMaterial: Verifying Global Shaders for PCD3D_SM5
[2020.10.18-21.54.27:312][  0]LogSlate: Using FreeType 2.6.0
[2020.10.18-21.54.27:456][  0]LogSlate: SlateFontServices - WITH_FREETYPE: 1, WITH_HARFBUZZ: 1
[2020.10.18-21.54.29:459][  0]LogAssetRegistry: FAssetRegistry took 0.0578 seconds to start up
[2020.10.18-21.54.33:580][  0]LogInit: Selected Device Profile: [Windows]
[2020.10.18-21.54.35:256][  0]LogMeshReduction: Using QuadricMeshReduction for automatic static mesh reduction
[2020.10.18-21.54.35:257][  0]LogMeshReduction: Using SimplygonMeshReduction for automatic skeletal mesh reduction
[2020.10.18-21.54.35:257][  0]LogMeshReduction: Using ProxyLODMeshReduction for automatic mesh merging
[2020.10.18-21.54.35:257][  0]LogMeshReduction: No distributed automatic mesh merging module available
[2020.10.18-21.54.35:257][  0]LogMeshMerging: No distributed automatic mesh merging module available
[2020.10.18-21.54.35:573][  0]LogNetVersion: TPSProject 1.0.0, NetCL: 5660361, EngineNetVer: 10, GameNetVer: 0 (Checksum: 140633437)
[2020.10.18-21.54.41:127][  0]LogPackageLocalizationCache: Processed 10 localized package path(s) for 1 prioritized culture(s) in 0.125684 seconds
[2020.10.18-21.54.41:179][  0]LogUObjectArray: 42205 objects as part of root set at end of initial load.
[2020.10.18-21.54.41:179][  0]LogUObjectAllocator: 7325032 out of 0 bytes used by permanent object pool.
[2020.10.18-21.54.41:179][  0]LogUObjectArray: CloseDisregardForGC: 0/0 objects in disregard for GC pool
[2020.10.18-21.55.03:990][  0]LogTcpMessaging: Initializing TcpMessaging bridge
[2020.10.18-21.55.04:028][  0]LogUdpMessaging: Initializing bridge on interface 0.0.0.0:0 to multicast group 230.0.0.1:6666.
[2020.10.18-21.55.04:958][  0]SourceControl: Source control is disabled
[2020.10.18-21.55.04:974][  0]LogWindows: Warning: CreateProc failed: The system cannot find the file specified. (0x00000002)
[2020.10.18-21.55.04:974][  0]LogWindows: Warning: URL: C:/Program Files/Git/bin/git.exe version
[2020.10.18-21.55.04:975][  0]LogWindows: Warning: CreateProc failed: The system cannot find the file specified. (0x00000002)
[2020.10.18-21.55.04:975][  0]LogWindows: Warning: URL: C:/Program Files (x86)/Git/bin/git.exe version
[2020.10.18-21.55.04:975][  0]LogWindows: Warning: CreateProc failed: The system cannot find the file specified. (0x00000002)
[2020.10.18-21.55.04:975][  0]LogWindows: Warning: URL: C:\Users\liu hongfei\AppData\Local/Programs/Git/cmd/git.exe version
[2020.10.18-21.55.04:976][  0]LogWindows: Warning: CreateProc failed: The system cannot find the file specified. (0x00000002)
[2020.10.18-21.55.04:976][  0]LogWindows: Warning: URL: C:/Program Files (x86)/SmartGit/git/bin/git.exe version
[2020.10.18-21.55.04:976][  0]LogWindows: Warning: CreateProc failed: The system cannot find the file specified. (0x00000002)
[2020.10.18-21.55.04:976][  0]LogWindows: Warning: URL: C:/Program Files (x86)/SmartGit/bin/git.exe version
[2020.10.18-21.55.04:977][  0]LogWindows: Warning: CreateProc failed: The system cannot find the file specified. (0x00000002)
[2020.10.18-21.55.04:977][  0]LogWindows: Warning: URL: C:\Users\liu hongfei\AppData\Local/Atlassian/SourceTree/git_local/bin/git.exe version
[2020.10.18-21.55.04:977][  0]LogWindows: Warning: CreateProc failed: The system cannot find the file specified. (0x00000002)
[2020.10.18-21.55.04:977][  0]LogWindows: Warning: URL: C:/Program Files (x86)/fournova/Tower/vendor/Git/bin/git.exe version
[2020.10.18-21.55.05:155][  0]LogWindows: Warning: CreateProc failed: The system cannot find the file specified. (0x00000002)
[2020.10.18-21.55.05:155][  0]LogWindows: Warning: URL: C:/Program Files/Git/bin/git.exe version
[2020.10.18-21.55.05:156][  0]LogWindows: Warning: CreateProc failed: The system cannot find the file specified. (0x00000002)
[2020.10.18-21.55.05:156][  0]LogWindows: Warning: URL: C:/Program Files (x86)/Git/bin/git.exe version
[2020.10.18-21.55.05:157][  0]LogWindows: Warning: CreateProc failed: The system cannot find the file specified. (0x00000002)
[2020.10.18-21.55.05:157][  0]LogWindows: Warning: URL: C:\Users\liu hongfei\AppData\Local/Programs/Git/cmd/git.exe version
[2020.10.18-21.55.05:158][  0]LogWindows: Warning: CreateProc failed: The system cannot find the file specified. (0x00000002)
[2020.10.18-21.55.05:158][  0]LogWindows: Warning: URL: C:/Program Files (x86)/SmartGit/git/bin/git.exe version
[2020.10.18-21.55.05:159][  0]LogWindows: Warning: CreateProc failed: The system cannot find the file specified. (0x00000002)
[2020.10.18-21.55.05:159][  0]LogWindows: Warning: URL: C:/Program Files (x86)/SmartGit/bin/git.exe version
[2020.10.18-21.55.05:159][  0]LogWindows: Warning: CreateProc failed: The system cannot find the file specified. (0x00000002)
[2020.10.18-21.55.05:159][  0]LogWindows: Warning: URL: C:\Users\liu hongfei\AppData\Local/Atlassian/SourceTree/git_local/bin/git.exe version
[2020.10.18-21.55.05:160][  0]LogWindows: Warning: CreateProc failed: The system cannot find the file specified. (0x00000002)
[2020.10.18-21.55.05:160][  0]LogWindows: Warning: URL: C:/Program Files (x86)/fournova/Tower/vendor/Git/bin/git.exe version
[2020.10.18-21.55.05:168][  0]LogWindows: Warning: CreateProc failed: The system cannot find the file specified. (0x00000002)
[2020.10.18-21.55.05:168][  0]LogWindows: Warning: URL: C:/Program Files/Git/bin/git.exe version
[2020.10.18-21.55.05:169][  0]LogWindows: Warning: CreateProc failed: The system cannot find the file specified. (0x00000002)
[2020.10.18-21.55.05:169][  0]LogWindows: Warning: URL: C:/Program Files (x86)/Git/bin/git.exe version
[2020.10.18-21.55.05:169][  0]LogWindows: Warning: CreateProc failed: The system cannot find the file specified. (0x00000002)
[2020.10.18-21.55.05:170][  0]LogWindows: Warning: URL: C:\Users\liu hongfei\AppData\Local/Programs/Git/cmd/git.exe version
[2020.10.18-21.55.05:170][  0]LogWindows: Warning: CreateProc failed: The system cannot find the file specified. (0x00000002)
[2020.10.18-21.55.05:170][  0]LogWindows: Warning: URL: C:/Program Files (x86)/SmartGit/git/bin/git.exe version
[2020.10.18-21.55.05:171][  0]LogWindows: Warning: CreateProc failed: The system cannot find the file specified. (0x00000002)
[2020.10.18-21.55.05:171][  0]LogWindows: Warning: URL: C:/Program Files (x86)/SmartGit/bin/git.exe version
[2020.10.18-21.55.05:173][  0]LogWindows: Warning: CreateProc failed: The system cannot find the file specified. (0x00000002)
[2020.10.18-21.55.05:173][  0]LogWindows: Warning: URL: C:\Users\liu hongfei\AppData\Local/Atlassian/SourceTree/git_local/bin/git.exe version
[2020.10.18-21.55.05:174][  0]LogWindows: Warning: CreateProc failed: The system cannot find the file specified. (0x00000002)
[2020.10.18-21.55.05:174][  0]LogWindows: Warning: URL: C:/Program Files (x86)/fournova/Tower/vendor/Git/bin/git.exe version
[2020.10.18-21.55.06:497][  0]LogAndroidPermission: UAndroidPermissionCallbackProxy::GetInstance
[2020.10.18-21.55.07:578][  0]LogOcInput: OculusInput pre-init called
[2020.10.18-21.55.11:188][  0]LogEngine: Initializing Engine...
[2020.10.18-21.55.11:238][  0]LogHMD: Failed to initialize OpenVR with code 110
[2020.10.18-21.55.11:307][  0]LogStats: UGameplayTagsManager::InitializeManager -  0.002 s
[2020.10.18-21.55.12:559][  0]LogInit: Initializing FReadOnlyCVARCache
[2020.10.18-21.55.13:386][  0]LogAIModule: Creating AISystem for world Untitled
[2020.10.18-21.55.13:695][  0]LogInit: XAudio2 using '扬声器 (Realtek High Definition Audio)' : 2 channels at 48 kHz using 32 bits per sample (channel mask 0x3)
[2020.10.18-21.55.13:851][  0]LogInit: FAudioDevice initialized.
[2020.10.18-21.55.13:860][  0]LogNetVersion: Set ProjectVersion to 1.0.0.0. Version Checksum will be recalculated on next use.
[2020.10.18-21.55.13:871][  0]LogDerivedDataCache: Error: Could not save memory cache C:/Users/liu hongfei/AppData/Local/UnrealEngine/4.22/DerivedDataCache/Boot.ddc.
[2020.10.18-21.55.13:880][  0]LogInit: Texture streaming: Enabled
[2020.10.18-21.55.14:162][  0]LogEngineSessionManager: EngineSessionManager initialized
[2020.10.18-21.55.14:593][  0]LogInit: Transaction tracking system initialized
[2020.10.18-21.55.15:236][  0]BlueprintLog: New page: Editor Load
[2020.10.18-21.55.16:884][  0]LocalizationService: Localization service is disabled
[2020.10.18-21.55.20:463][  0]LogFileCache: Scanning file cache for directory 'D:/Git/Unreal/ProjectA/TPSProject/Content/' took 0.04s
[2020.10.18-21.55.20:463][  0]LogCook: Display: Max memory allowance for cook 16384mb min free memory 0mb
[2020.10.18-21.55.20:463][  0]LogCook: Display: Mobile HDR setting 1
[2020.10.18-21.55.24:149][  0]LogWindows: Warning: CreateProc failed: The system cannot find the file specified. (0x00000002)
[2020.10.18-21.55.24:150][  0]LogWindows: Warning: URL: C:/Program Files/Git/bin/git.exe version
[2020.10.18-21.55.24:150][  0]LogWindows: Warning: CreateProc failed: The system cannot find the file specified. (0x00000002)
[2020.10.18-21.55.24:150][  0]LogWindows: Warning: URL: C:/Program Files (x86)/Git/bin/git.exe version
[2020.10.18-21.55.24:151][  0]LogWindows: Warning: CreateProc failed: The system cannot find the file specified. (0x00000002)
[2020.10.18-21.55.24:151][  0]LogWindows: Warning: URL: C:\Users\liu hongfei\AppData\Local/Programs/Git/cmd/git.exe version
[2020.10.18-21.55.24:151][  0]LogWindows: Warning: CreateProc failed: The system cannot find the file specified. (0x00000002)
[2020.10.18-21.55.24:151][  0]LogWindows: Warning: URL: C:/Program Files (x86)/SmartGit/git/bin/git.exe version
[2020.10.18-21.55.24:152][  0]LogWindows: Warning: CreateProc failed: The system cannot find the file specified. (0x00000002)
[2020.10.18-21.55.24:152][  0]LogWindows: Warning: URL: C:/Program Files (x86)/SmartGit/bin/git.exe version
[2020.10.18-21.55.24:152][  0]LogWindows: Warning: CreateProc failed: The system cannot find the file specified. (0x00000002)
[2020.10.18-21.55.24:152][  0]LogWindows: Warning: URL: C:\Users\liu hongfei\AppData\Local/Atlassian/SourceTree/git_local/bin/git.exe version
[2020.10.18-21.55.24:152][  0]LogWindows: Warning: CreateProc failed: The system cannot find the file specified. (0x00000002)
[2020.10.18-21.55.24:152][  0]LogWindows: Warning: URL: C:/Program Files (x86)/fournova/Tower/vendor/Git/bin/git.exe version
[2020.10.18-21.55.24:182][  0]Cmd: MAP LOAD FILE="../../../../../Git/Unreal/ProjectA/TPSProject/Content/ThirdPersonBP/Maps/ThirdPersonExampleMap.umap" TEMPLATE=0 SHOWPROGRESS=1 FEATURELEVEL=3
[2020.10.18-21.55.24:251][  0]LightingResults: New page: Lighting Build
[2020.10.18-21.55.24:432][  0]MapCheck: New page: Map Check
[2020.10.18-21.55.24:432][  0]LightingResults: New page: Lighting Build
[2020.10.18-21.55.25:480][  0]LogUObjectHash: Compacting FUObjectHashTables data took  17.25ms
[2020.10.18-21.55.26:974][  0]LogAIModule: Creating AISystem for world ThirdPersonExampleMap
[2020.10.18-21.55.27:648][  0]LogEditorServer: Finished looking for orphan Actors (0.000 secs)
[2020.10.18-21.55.27:858][  0]LogUObjectHash: Compacting FUObjectHashTables data took   3.20ms
[2020.10.18-21.55.27:858][  0]Cmd: MAP CHECKDEP NOCLEARLOG
[2020.10.18-21.55.27:859][  0]MapCheck: Map check complete: 0 Error(s), 0 Warning(s), took 0.261ms to complete.
[2020.10.18-21.55.27:859][  0]LogFileHelpers: Loading map 'ThirdPersonExampleMap' took 3.697
[2020.10.18-21.55.30:319][  0]LogSlate: Updating window title bar state: overlay mode, drag disabled, window buttons hidden, title bar hidden
[2020.10.18-21.55.30:340][  0]LogSlate: Updating window title bar state: overlay mode, drag disabled, window buttons hidden, title bar hidden
[2020.10.18-21.55.30:357][  0]LogSlate: Updating window title bar state: overlay mode, drag disabled, window buttons hidden, title bar hidden
[2020.10.18-21.55.30:380][  0]LogSlate: Updating window title bar state: overlay mode, drag disabled, window buttons hidden, title bar hidden
[2020.10.18-21.55.30:579][  0]LogCollectionManager: Loaded 0 collections in 0.003545 seconds
[2020.10.18-21.55.30:961][  0]LogFileCache: Scanning file cache for directory 'D:/Git/Unreal/ProjectA/TPSProject/Saved/Collections/' took 0.02s
[2020.10.18-21.55.30:962][  0]LogFileCache: Scanning file cache for directory 'D:/Git/Unreal/ProjectA/TPSProject/Content/Developers/liuhongfei/Collections/' took 0.02s
[2020.10.18-21.55.30:962][  0]LogFileCache: Scanning file cache for directory 'D:/Git/Unreal/ProjectA/TPSProject/Content/Collections/' took 0.02s
[2020.10.18-21.55.30:962][  0]LogCollectionManager: Rebuilt the GUID cache for 0 collections in 0.000001 seconds
[2020.10.18-21.55.30:987][  0]LogContentBrowser: Native class hierarchy populated in 0.0245 seconds. Added 2732 classes and 659 folders.
[2020.10.18-21.55.31:232][  0]LogContentBrowser: Native class hierarchy updated for 'WidgetCarousel' in 0.0004 seconds. Added 0 classes and 0 folders.
[2020.10.18-21.55.31:346][  0]LogPakFile: Registered encryption key '00000000000000000000000000000000': 0 pak files mounted, 0 remain pending
[2020.10.18-21.55.31:428][  0]LogPakFile: Registered encryption key '00000000000000000000000000000000': 0 pak files mounted, 0 remain pending
[2020.10.18-21.55.31:431][  0]LogPakFile: Registered encryption key '00000000000000000000000000000000': 0 pak files mounted, 0 remain pending
[2020.10.18-21.55.31:434][  0]LogPakFile: Registered encryption key '00000000000000000000000000000000': 0 pak files mounted, 0 remain pending
[2020.10.18-21.55.31:461][  0]LogPakFile: Registered encryption key '00000000000000000000000000000000': 0 pak files mounted, 0 remain pending
[2020.10.18-21.55.31:464][  0]LogPakFile: Registered encryption key '00000000000000000000000000000000': 0 pak files mounted, 0 remain pending
[2020.10.18-21.55.31:466][  0]LogPakFile: Registered encryption key '00000000000000000000000000000000': 0 pak files mounted, 0 remain pending
[2020.10.18-21.55.31:469][  0]LogPakFile: Registered encryption key '00000000000000000000000000000000': 0 pak files mounted, 0 remain pending
[2020.10.18-21.55.31:473][  0]LogPakFile: Registered encryption key '00000000000000000000000000000000': 0 pak files mounted, 0 remain pending
[2020.10.18-21.55.31:492][  0]LogPakFile: Registered encryption key '00000000000000000000000000000000': 0 pak files mounted, 0 remain pending
[2020.10.18-21.55.31:496][  0]LogPakFile: Registered encryption key '00000000000000000000000000000000': 0 pak files mounted, 0 remain pending
[2020.10.18-21.55.31:498][  0]LogPakFile: Registered encryption key '00000000000000000000000000000000': 0 pak files mounted, 0 remain pending
[2020.10.18-21.55.31:501][  0]LogPakFile: Registered encryption key '00000000000000000000000000000000': 0 pak files mounted, 0 remain pending
[2020.10.18-21.55.31:503][  0]LogPakFile: Registered encryption key '00000000000000000000000000000000': 0 pak files mounted, 0 remain pending
[2020.10.18-21.55.31:509][  0]LogPakFile: Registered encryption key '00000000000000000000000000000000': 0 pak files mounted, 0 remain pending
[2020.10.18-21.55.31:513][  0]LogPakFile: Registered encryption key '00000000000000000000000000000000': 0 pak files mounted, 0 remain pending
[2020.10.18-21.55.31:516][  0]LogPakFile: Registered encryption key '00000000000000000000000000000000': 0 pak files mounted, 0 remain pending
[2020.10.18-21.55.31:518][  0]LogPakFile: Registered encryption key '00000000000000000000000000000000': 0 pak files mounted, 0 remain pending
[2020.10.18-21.55.31:520][  0]LogPakFile: Registered encryption key '00000000000000000000000000000000': 0 pak files mounted, 0 remain pending
[2020.10.18-21.55.31:523][  0]LogPakFile: Registered encryption key '00000000000000000000000000000000': 0 pak files mounted, 0 remain pending
[2020.10.18-21.55.31:526][  0]LogPakFile: Registered encryption key '00000000000000000000000000000000': 0 pak files mounted, 0 remain pending
[2020.10.18-21.55.31:531][  0]LogPakFile: Registered encryption key '00000000000000000000000000000000': 0 pak files mounted, 0 remain pending
[2020.10.18-21.55.31:533][  0]LogPakFile: Registered encryption key '00000000000000000000000000000000': 0 pak files mounted, 0 remain pending
[2020.10.18-21.55.31:535][  0]LogPakFile: Registered encryption key '00000000000000000000000000000000': 0 pak files mounted, 0 remain pending
[2020.10.18-21.55.31:537][  0]LogPakFile: Registered encryption key '00000000000000000000000000000000': 0 pak files mounted, 0 remain pending
[2020.10.18-21.55.31:539][  0]LogPakFile: Registered encryption key '00000000000000000000000000000000': 0 pak files mounted, 0 remain pending
[2020.10.18-21.55.32:179][  0]LogContentBrowser: Native class hierarchy updated for 'AddContentDialog' in 0.0004 seconds. Added 0 classes and 0 folders.
[2020.10.18-21.55.32:237][  0]LogContentBrowser: Native class hierarchy updated for 'SceneOutliner' in 0.0004 seconds. Added 1 classes and 2 folders.
[2020.10.18-21.55.33:147][  0]LogSlate: Took 0.000225 seconds to synchronously load lazily loaded font '../../../Engine/Content/Slate/Fonts/Roboto-Regular.ttf' (155K)
[2020.10.18-21.55.33:150][  0]LogSlate: Took 0.000177 seconds to synchronously load lazily loaded font '../../../Engine/Content/Slate/Fonts/Roboto-Bold.ttf' (160K)
[2020.10.18-21.55.33:207][  0]LogSlate: Took 0.011035 seconds to synchronously load lazily loaded font '../../../Engine/Content/Editor/Slate/Fonts/FontAwesome.ttf' (139K)
[2020.10.18-21.55.33:979][  0]LogRenderer: Reallocating scene render targets to support 860x436 Format 10 NumSamples 1 (Frame:1).
[2020.10.18-21.55.36:822][  0]LogContentBrowser: Native class hierarchy updated for 'HierarchicalLODOutliner' in 0.0004 seconds. Added 0 classes and 0 folders.
[2020.10.18-21.55.36:822][  0]LogLoad: (Engine Initialization) Total time: 101.01 seconds
[2020.10.18-21.55.36:822][  0]LogLoad: (Engine Initialization) Total Blueprint compile time: 0.00 seconds
[2020.10.18-21.55.37:578][  0]LogContentStreaming: Texture pool size now 1000 MB
[2020.10.18-21.55.37:902][  0]LogSlate: Took 0.013879 seconds to synchronously load lazily loaded font '../../../Engine/Content/Slate/Fonts/Roboto-Light.ttf' (167K)
[2020.10.18-21.55.38:694][  2]LogAssetRegistry: Asset discovery search completed in 69.2672 seconds
[2020.10.18-21.55.38:714][  2]LogCollectionManager: Rebuilt the object cache for 0 collections in 0.000001 seconds (found 0 objects)
[2020.10.18-21.55.38:715][  2]LogCollectionManager: Fixed up redirectors for 0 collections in 0.010436 seconds (updated 0 objects)
[2020.10.18-21.55.38:851][  2]LogSlate: Took 0.000434 seconds to synchronously load lazily loaded font '../../../Engine/Content/Slate/Fonts/Roboto-Light.ttf' (167K)
[2020.10.18-21.55.41:675][ 11]LogSlate: FSceneViewport::OnFocusLost() reason 0
[2020.10.18-21.55.41:726][ 13]LogTemp: Repeating last play command: New Editor Window (PIE)
[2020.10.18-21.55.41:764][ 13]LogBlueprintUserMessages: Early PlayInEditor Detection: Level '/Game/ThirdPersonBP/Maps/ThirdPersonExampleMap.ThirdPersonExampleMap:PersistentLevel' has LevelScriptBlueprint '/Game/ThirdPersonBP/Maps/ThirdPersonExampleMap.ThirdPersonExampleMap:PersistentLevel.ThirdPersonExampleMap' with GeneratedClass '/Game/ThirdPersonBP/Maps/ThirdPersonExampleMap.ThirdPersonExampleMap_C' with ClassGeneratedBy '/Game/ThirdPersonBP/Maps/ThirdPersonExampleMap.ThirdPersonExampleMap:PersistentLevel.ThirdPersonExampleMap'
[2020.10.18-21.55.41:773][ 13]LogPlayLevel: PlayLevel: No blueprints needed recompiling
[2020.10.18-21.55.41:904][ 13]PIE: New page: PIE session: ThirdPersonExampleMap (Oct 18, 2020, 1:55:41 PM)
[2020.10.18-21.55.41:979][ 13]LogPlayLevel: Creating play world package: /Game/ThirdPersonBP/Maps/UEDPIE_0_ThirdPersonExampleMap
[2020.10.18-21.55.42:030][ 13]LogPlayLevel: PIE: StaticDuplicateObject took: (0.049472s)
[2020.10.18-21.55.42:045][ 13]LogAIModule: Creating AISystem for world ThirdPersonExampleMap
[2020.10.18-21.55.42:118][ 13]LogPlayLevel: PIE: World Init took: (0.088597s)
[2020.10.18-21.55.42:119][ 13]LogPlayLevel: PIE: Created PIE world by copying editor world from /Game/ThirdPersonBP/Maps/ThirdPersonExampleMap.ThirdPersonExampleMap to /Game/ThirdPersonBP/Maps/UEDPIE_0_ThirdPersonExampleMap.ThirdPersonExampleMap (0.138654s)
[2020.10.18-21.55.42:147][ 13]LogUObjectHash: Compacting FUObjectHashTables data took   1.94ms
[2020.10.18-21.55.42:308][ 13]LogInit: XAudio2 using '扬声器 (Realtek High Definition Audio)' : 2 channels at 48 kHz using 32 bits per sample (channel mask 0x3)
[2020.10.18-21.55.42:369][ 13]LogInit: FAudioDevice initialized.
[2020.10.18-21.55.42:512][ 13]LogSlate: Updating window title bar state: overlay mode, drag disabled, window buttons hidden, title bar hidden
[2020.10.18-21.55.43:917][ 13]LogLoad: Game class is 'ThirdPersonGameMode_C'
[2020.10.18-21.55.44:017][ 13]LogWorld: Bringing World /Game/ThirdPersonBP/Maps/UEDPIE_0_ThirdPersonExampleMap.ThirdPersonExampleMap up for play (max tick rate 60) at 2020.10.18-17.55.44
[2020.10.18-21.55.44:018][ 13]LogWorld: Bringing up level for play took: 0.003682
[2020.10.18-21.55.44:383][ 13]LogContentBrowser: Native class hierarchy updated for 'MovieSceneCapture' in 0.0006 seconds. Added 20 classes and 0 folders.
[2020.10.18-21.55.44:740][ 13]PIE: Play in editor start time for /Game/ThirdPersonBP/Maps/UEDPIE_0_ThirdPersonExampleMap 2.128
[2020.10.18-21.55.44:748][ 13]LogBlueprintUserMessages: Late PlayInEditor Detection: Level '/Game/ThirdPersonBP/Maps/ThirdPersonExampleMap.ThirdPersonExampleMap:PersistentLevel' has LevelScriptBlueprint '/Game/ThirdPersonBP/Maps/ThirdPersonExampleMap.ThirdPersonExampleMap:PersistentLevel.ThirdPersonExampleMap' with GeneratedClass '/Game/ThirdPersonBP/Maps/ThirdPersonExampleMap.ThirdPersonExampleMap_C' with ClassGeneratedBy '/Game/ThirdPersonBP/Maps/ThirdPersonExampleMap.ThirdPersonExampleMap:PersistentLevel.ThirdPersonExampleMap'
[2020.10.18-21.55.44:965][ 14]LogRenderer: Reallocating scene render targets to support 1016x544 Format 10 NumSamples 1 (Frame:1).
[2020.10.18-21.55.45:629][ 17]LogScript: Warning: Accessed None trying to read property CallFunc_TryGetPawnOwner_ReturnValue1
	TPSCharacterAnim_C /Engine/Transient.World_3:PersistentLevel.SkeletalMeshActor_0.SkeletalMeshComponent0.TPSCharacterAnim_C_0
	Function /Game/ThirdPersonShooter/TPSCharacterAnim.TPSCharacterAnim_C:ExecuteUbergraph_TPSCharacterAnim:0251
[2020.10.18-21.55.45:769][ 17]LogScript: Warning: Accessed None trying to read property CallFunc_TryGetPawnOwner_ReturnValue1
	TPSCharacterAnim_C /Engine/Transient.World_3:PersistentLevel.SkeletalMeshActor_0.SkeletalMeshComponent0.TPSCharacterAnim_C_0
	Function /Game/ThirdPersonShooter/TPSCharacterAnim.TPSCharacterAnim_C:ExecuteUbergraph_TPSCharacterAnim:0283
[2020.10.18-21.55.45:769][ 17]LogScript: Warning: Accessed None trying to read property CallFunc_TryGetPawnOwner_ReturnValue1
	TPSCharacterAnim_C /Engine/Transient.World_3:PersistentLevel.SkeletalMeshActor_0.SkeletalMeshComponent0.TPSCharacterAnim_C_0
	Function /Game/ThirdPersonShooter/TPSCharacterAnim.TPSCharacterAnim_C:ExecuteUbergraph_TPSCharacterAnim:031C
[2020.10.18-21.56.03:555][942]LogSlate: FSceneViewport::OnFocusLost() reason 2
[2020.10.18-21.56.15:482][477]LogBlueprintUserMessages: Early EndPlayMap Detection: Level '/Game/ThirdPersonBP/Maps/ThirdPersonExampleMap.ThirdPersonExampleMap:PersistentLevel' has LevelScriptBlueprint '/Game/ThirdPersonBP/Maps/ThirdPersonExampleMap.ThirdPersonExampleMap:PersistentLevel.ThirdPersonExampleMap' with GeneratedClass '/Game/ThirdPersonBP/Maps/ThirdPersonExampleMap.ThirdPersonExampleMap_C' with ClassGeneratedBy '/Game/ThirdPersonBP/Maps/ThirdPersonExampleMap.ThirdPersonExampleMap:PersistentLevel.ThirdPersonExampleMap'
[2020.10.18-21.56.15:495][477]LogSlate: Updating window title bar state: overlay mode, drag disabled, window buttons hidden, title bar hidden
[2020.10.18-21.56.15:531][477]LogSlate: Window 'TPSProject Game Preview Standalone (64-bit/PCD3D_SM5)' being destroyed
[2020.10.18-21.56.15:654][477]LogPlayLevel: Display: Shutting down PIE online subsystems
[2020.10.18-21.56.15:655][477]LogBlueprintUserMessages: Late EndPlayMap Detection: Level '/Game/ThirdPersonBP/Maps/ThirdPersonExampleMap.ThirdPersonExampleMap:PersistentLevel' has LevelScriptBlueprint '/Game/ThirdPersonBP/Maps/ThirdPersonExampleMap.ThirdPersonExampleMap:PersistentLevel.ThirdPersonExampleMap' with GeneratedClass '/Game/ThirdPersonBP/Maps/ThirdPersonExampleMap.ThirdPersonExampleMap_C' with ClassGeneratedBy '/Game/ThirdPersonBP/Maps/ThirdPersonExampleMap.ThirdPersonExampleMap:PersistentLevel.ThirdPersonExampleMap'
[2020.10.18-21.56.15:929][477]LogUObjectHash: Compacting FUObjectHashTables data took   3.69ms
[2020.10.18-21.56.15:964][478]LogPlayLevel: Display: Destroying online subsystem :Context_1
[2020.10.18-21.56.34:481][829]LogTemp: Repeating last play command: New Editor Window (PIE)
[2020.10.18-21.56.34:516][829]LogBlueprintUserMessages: Early PlayInEditor Detection: Level '/Game/ThirdPersonBP/Maps/ThirdPersonExampleMap.ThirdPersonExampleMap:PersistentLevel' has LevelScriptBlueprint '/Game/ThirdPersonBP/Maps/ThirdPersonExampleMap.ThirdPersonExampleMap:PersistentLevel.ThirdPersonExampleMap' with GeneratedClass '/Game/ThirdPersonBP/Maps/ThirdPersonExampleMap.ThirdPersonExampleMap_C' with ClassGeneratedBy '/Game/ThirdPersonBP/Maps/ThirdPersonExampleMap.ThirdPersonExampleMap:PersistentLevel.ThirdPersonExampleMap'
[2020.10.18-21.56.34:516][829]LogPlayLevel: PlayLevel: No blueprints needed recompiling
[2020.10.18-21.56.34:516][829]PIE: New page: PIE session: ThirdPersonExampleMap (Oct 18, 2020, 1:56:34 PM)
[2020.10.18-21.56.34:516][829]LogPlayLevel: Creating play world package: /Game/ThirdPersonBP/Maps/UEDPIE_0_ThirdPersonExampleMap
[2020.10.18-21.56.34:541][829]LogPlayLevel: PIE: StaticDuplicateObject took: (0.023556s)
[2020.10.18-21.56.34:542][829]LogAIModule: Creating AISystem for world ThirdPersonExampleMap
[2020.10.18-21.56.34:554][829]LogPlayLevel: PIE: World Init took: (0.013191s)
[2020.10.18-21.56.34:554][829]LogPlayLevel: PIE: Created PIE world by copying editor world from /Game/ThirdPersonBP/Maps/ThirdPersonExampleMap.ThirdPersonExampleMap to /Game/ThirdPersonBP/Maps/UEDPIE_0_ThirdPersonExampleMap.ThirdPersonExampleMap (0.037529s)
[2020.10.18-21.56.34:582][829]LogUObjectHash: Compacting FUObjectHashTables data took   1.95ms
[2020.10.18-21.56.34:603][829]LogInit: XAudio2 using '扬声器 (Realtek High Definition Audio)' : 2 channels at 48 kHz using 32 bits per sample (channel mask 0x3)
[2020.10.18-21.56.34:662][829]LogInit: FAudioDevice initialized.
[2020.10.18-21.56.34:692][829]LogSlate: Updating window title bar state: overlay mode, drag disabled, window buttons hidden, title bar hidden
[2020.10.18-21.56.34:732][829]LogLoad: Game class is 'ThirdPersonGameMode_C'
[2020.10.18-21.56.34:735][829]LogWorld: Bringing World /Game/ThirdPersonBP/Maps/UEDPIE_0_ThirdPersonExampleMap.ThirdPersonExampleMap up for play (max tick rate 60) at 2020.10.18-17.56.34
[2020.10.18-21.56.34:735][829]LogWorld: Bringing up level for play took: 0.001858
[2020.10.18-21.56.34:797][829]PIE: Play in editor start time for /Game/ThirdPersonBP/Maps/UEDPIE_0_ThirdPersonExampleMap 0.186
[2020.10.18-21.56.34:839][829]LogBlueprintUserMessages: Late PlayInEditor Detection: Level '/Game/ThirdPersonBP/Maps/ThirdPersonExampleMap.ThirdPersonExampleMap:PersistentLevel' has LevelScriptBlueprint '/Game/ThirdPersonBP/Maps/ThirdPersonExampleMap.ThirdPersonExampleMap:PersistentLevel.ThirdPersonExampleMap' with GeneratedClass '/Game/ThirdPersonBP/Maps/ThirdPersonExampleMap.ThirdPersonExampleMap_C' with ClassGeneratedBy '/Game/ThirdPersonBP/Maps/ThirdPersonExampleMap.ThirdPersonExampleMap:PersistentLevel.ThirdPersonExampleMap'
[2020.10.18-21.56.47:034][432]LogBlueprintUserMessages: Early EndPlayMap Detection: Level '/Game/ThirdPersonBP/Maps/ThirdPersonExampleMap.ThirdPersonExampleMap:PersistentLevel' has LevelScriptBlueprint '/Game/ThirdPersonBP/Maps/ThirdPersonExampleMap.ThirdPersonExampleMap:PersistentLevel.ThirdPersonExampleMap' with GeneratedClass '/Game/ThirdPersonBP/Maps/ThirdPersonExampleMap.ThirdPersonExampleMap_C' with ClassGeneratedBy '/Game/ThirdPersonBP/Maps/ThirdPersonExampleMap.ThirdPersonExampleMap:PersistentLevel.ThirdPersonExampleMap'
[2020.10.18-21.56.47:035][432]LogSlate: Updating window title bar state: overlay mode, drag disabled, window buttons hidden, title bar hidden
[2020.10.18-21.56.47:073][432]LogSlate: Window 'TPSProject Game Preview Standalone (64-bit/PCD3D_SM5)' being destroyed
[2020.10.18-21.56.47:126][432]LogPlayLevel: Display: Shutting down PIE online subsystems
[2020.10.18-21.56.47:126][432]LogBlueprintUserMessages: Late EndPlayMap Detection: Level '/Game/ThirdPersonBP/Maps/ThirdPersonExampleMap.ThirdPersonExampleMap:PersistentLevel' has LevelScriptBlueprint '/Game/ThirdPersonBP/Maps/ThirdPersonExampleMap.ThirdPersonExampleMap:PersistentLevel.ThirdPersonExampleMap' with GeneratedClass '/Game/ThirdPersonBP/Maps/ThirdPersonExampleMap.ThirdPersonExampleMap_C' with ClassGeneratedBy '/Game/ThirdPersonBP/Maps/ThirdPersonExampleMap.ThirdPersonExampleMap:PersistentLevel.ThirdPersonExampleMap'
[2020.10.18-21.56.47:185][432]LogUObjectHash: Compacting FUObjectHashTables data took   2.10ms
[2020.10.18-21.56.47:209][433]LogPlayLevel: Display: Destroying online subsystem :Context_6
