Log file open, 10/19/20 18:26:35
LogWindows: Failed to load 'aqProf.dll' (GetLastError=126)
LogWindows: File 'aqProf.dll' does not exist
LogWindows: Failed to load 'VtuneApi.dll' (GetLastError=126)
LogWindows: File 'VtuneApi.dll' does not exist
LogWindows: Failed to load 'VtuneApi32e.dll' (GetLastError=126)
LogWindows: File 'VtuneApi32e.dll' does not exist
LogConsoleResponse: Display: Failed to find resolution value strings in scalability ini. Falling back to default.
LogInit: Display: Running engine for game: TPSProject
LogPakFile: Registered encryption key '00000000000000000000000000000000': 0 pak files mounted, 0 remain pending
LogPlatformFile: Not using cached read wrapper
LogTaskGraph: Started task graph with 5 named threads and 23 total threads with 3 sets of task threads.
LogStats: Stats thread started at 3.791621
LogD3D11RHI: Loaded GFSDK_Aftermath_Lib.x64.dll
LogICUInternationalization: ICU TimeZone Detection - Raw Offset: -5:00, Platform Override: ''
LogPluginManager: Mounting plugin Paper2D
LogPluginManager: Mounting plugin AISupport
LogPluginManager: Mounting plugin LightPropagationVolume
LogPluginManager: Mounting plugin ActorLayerUtilities
LogPluginManager: Mounting plugin AnimationSharing
LogPluginManager: Mounting plugin CLionSourceCodeAccess
LogPluginManager: Mounting plugin CodeLiteSourceCodeAccess
LogPluginManager: Mounting plugin GitSourceControl
LogPluginManager: Mounting plugin KDevelopSourceCodeAccess
LogPluginManager: Mounting plugin NullSourceCodeAccess
LogPluginManager: Mounting plugin PerforceSourceControl
LogPluginManager: Mounting plugin SubversionSourceControl
LogPluginManager: Mounting plugin UObjectPlugin
LogPluginManager: Mounting plugin VisualStudioCodeSourceCodeAccess
LogPluginManager: Mounting plugin VisualStudioSourceCodeAccess
LogPluginManager: Mounting plugin XCodeSourceCodeAccess
LogPluginManager: Mounting plugin AssetManagerEditor
LogPluginManager: Mounting plugin CryptoKeys
LogPluginManager: Mounting plugin DataValidation
LogPluginManager: Mounting plugin FacialAnimation
LogPluginManager: Mounting plugin GameplayTagsEditor
LogPluginManager: Mounting plugin MacGraphicsSwitching
LogPluginManager: Mounting plugin MaterialAnalyzer
LogPluginManager: Mounting plugin MobileLauncherProfileWizard
LogPluginManager: Mounting plugin PluginBrowser
LogPluginManager: Mounting plugin SpeedTreeImporter
LogPluginManager: Mounting plugin DatasmithContent
LogPluginManager: Mounting plugin VariantManagerContent
LogPluginManager: Mounting plugin AlembicImporter
LogPluginManager: Mounting plugin AppleImageUtils
LogPluginManager: Mounting plugin AppleVision
LogPluginManager: Mounting plugin BackChannel
LogPluginManager: Mounting plugin CharacterAI
LogPluginManager: Mounting plugin GeometryCache
LogPluginManager: Mounting plugin HTML5Networking
LogPluginManager: Mounting plugin ProxyLODPlugin
LogPluginManager: Mounting plugin SkeletalReduction
LogPluginManager: Mounting plugin MagicLeap
LogPluginManager: Mounting plugin MagicLeapMedia
LogPluginManager: Mounting plugin AndroidMedia
LogPluginManager: Mounting plugin AvfMedia
LogPluginManager: Mounting plugin ImgMedia
LogPluginManager: Mounting plugin LinearTimecode
LogPluginManager: Mounting plugin MediaCompositing
LogPluginManager: Mounting plugin MediaPlayerEditor
LogPluginManager: Mounting plugin WebMMedia
LogPluginManager: Mounting plugin WmfMedia
LogPluginManager: Mounting plugin TcpMessaging
LogPluginManager: Mounting plugin UdpMessaging
LogPluginManager: Mounting plugin ActorSequence
LogPluginManager: Mounting plugin LevelSequenceEditor
LogPluginManager: Mounting plugin MatineeToLevelSequence
LogPluginManager: Mounting plugin NetcodeUnitTest
LogPluginManager: Mounting plugin NUTUnrealEngine4
LogPluginManager: Mounting plugin OnlineSubsystemGooglePlay
LogPluginManager: Mounting plugin OnlineSubsystemIOS
LogPluginManager: Mounting plugin OnlineSubsystem
LogPluginManager: Mounting plugin OnlineSubsystemNull
LogPluginManager: Mounting plugin OnlineSubsystemUtils
LogPluginManager: Mounting plugin LauncherChunkInstaller
LogPluginManager: Mounting plugin AndroidDeviceProfileSelector
LogPluginManager: Mounting plugin AndroidMoviePlayer
LogPluginManager: Mounting plugin AndroidPermission
LogPluginManager: Mounting plugin AppleMoviePlayer
LogPluginManager: Mounting plugin ArchVisCharacter
LogPluginManager: Mounting plugin AudioCapture
LogPluginManager: Mounting plugin CableComponent
LogPluginManager: Mounting plugin CustomMeshComponent
LogPluginManager: Mounting plugin EditableMesh
LogPluginManager: Mounting plugin ExampleDeviceProfileSelector
LogPluginManager: Mounting plugin Firebase
LogPluginManager: Mounting plugin GoogleCloudMessaging
LogPluginManager: Mounting plugin IOSDeviceProfileSelector
LogPluginManager: Mounting plugin LinuxDeviceProfileSelector
LogPluginManager: Mounting plugin LocationServicesBPLibrary
LogPluginManager: Mounting plugin MobilePatchingUtils
LogPluginManager: Mounting plugin OculusVR
LogPluginManager: Mounting plugin PhysXVehicles
LogPluginManager: Mounting plugin ProceduralMeshComponent
LogPluginManager: Mounting plugin RuntimePhysXCooking
LogPluginManager: Mounting plugin SignificanceManager
LogPluginManager: Mounting plugin SteamVR
LogPluginManager: Mounting plugin WebMMoviePlayer
LogPluginManager: Mounting plugin WindowsMoviePlayer
LogInit: Using libcurl 7.55.1-DEV
LogInit:  - built for x86_64-pc-win32
LogInit:  - supports SSL with OpenSSL/1.1.1
LogInit:  - supports HTTP deflate (compression) using libz 1.2.8
LogInit:  - other features:
LogInit:      CURL_VERSION_SSL
LogInit:      CURL_VERSION_LIBZ
LogInit:      CURL_VERSION_IPV6
LogInit:      CURL_VERSION_ASYNCHDNS
LogInit:      CURL_VERSION_LARGEFILE
LogInit:      CURL_VERSION_IDN
LogInit:  CurlRequestOptions (configurable via config and command line):
LogInit:  - bVerifyPeer = true  - Libcurl will verify peer certificate
LogInit:  - bUseHttpProxy = false  - Libcurl will NOT use HTTP proxy
LogInit:  - bDontReuseConnections = false  - Libcurl will reuse connections
LogInit:  - MaxHostConnections = 16  - Libcurl will limit the number of connections to a host
LogInit:  - LocalHostAddr = Default
LogInit:  - BufferSize = 65536
LogInit: WinSock: version 1.1 (2.2), MaxSocks=32767, MaxUdp=65467
LogInit: Build: ++UE4+Release-4.22-CL-7053642
LogInit: Engine Version: 4.22.3-7053642+++UE4+Release-4.22
LogInit: Compatible Engine Version: 4.22.0-5660361+++UE4+Release-4.22
LogInit: Net CL: 5660361
LogInit: OS: Windows 10 (Release 1903) (), CPU: Intel(R) Core(TM) i7-7700HQ CPU @ 2.80GHz, GPU: Intel(R) HD Graphics 630
LogInit: Compiled (64-bit): Jun 18 2019 03:09:11
LogInit: Compiled with Visual C++: 19.16.27025.01
LogInit: Build Configuration: Development
LogInit: Branch Name: ++UE4+Release-4.22
LogInit: Command Line: 
LogInit: Base Directory: D:/UnReal/UE_4.22/Engine/Binaries/Win64/
LogInit: Installed Engine Build: 1
LogDevObjectVersion: Number of dev versions registered: 23
LogDevObjectVersion:   Dev-Blueprints (B0D832E4-1F89-4F0D-ACCF-7EB736FD4AA2): 10
LogDevObjectVersion:   Dev-Build (E1C64328-A22C-4D53-A36C-8E866417BD8C): 0
LogDevObjectVersion:   Dev-Core (375EC13C-06E4-48FB-B500-84F0262A717E): 3
LogDevObjectVersion:   Dev-Editor (E4B068ED-F494-42E9-A231-DA0B2E46BB41): 30
LogDevObjectVersion:   Dev-Framework (CFFC743F-43B0-4480-9391-14DF171D2073): 35
LogDevObjectVersion:   Dev-Mobile (B02B49B5-BB20-44E9-A304-32B752E40360): 2
LogDevObjectVersion:   Dev-Networking (A4E4105C-59A1-49B5-A7C5-40C4547EDFEE): 0
LogDevObjectVersion:   Dev-Online (39C831C9-5AE6-47DC-9A44-9C173E1C8E7C): 0
LogDevObjectVersion:   Dev-Physics (78F01B33-EBEA-4F98-B9B4-84EACCB95AA2): 0
LogDevObjectVersion:   Dev-Platform (6631380F-2D4D-43E0-8009-CF276956A95A): 0
LogDevObjectVersion:   Dev-Rendering (12F88B9F-8875-4AFC-A67C-D90C383ABD29): 28
LogDevObjectVersion:   Dev-Sequencer (7B5AE74C-D270-4C10-A958-57980B212A5A): 11
LogDevObjectVersion:   Dev-VR (D7296918-1DD6-4BDD-9DE2-64A83CC13884): 2
LogDevObjectVersion:   Dev-LoadTimes (C2A15278-BFE7-4AFE-6C17-90FF531DF755): 1
LogDevObjectVersion:   Private-Geometry (6EACA3D4-40EC-4CC1-B786-8BED09428FC5): 3
LogDevObjectVersion:   Dev-AnimPhys (29E575DD-E0A3-4627-9D10-D276232CDCEA): 17
LogDevObjectVersion:   Dev-Anim (AF43A65D-7FD3-4947-9873-3E8ED9C1BB05): 2
LogDevObjectVersion:   Dev-ReflectionCapture (6B266CEC-1EC7-4B8F-A30B-E4D90942FC07): 1
LogDevObjectVersion:   Dev-Automation (0DF73D61-A23F-47EA-B727-89E90C41499A): 1
LogDevObjectVersion:   FortniteMain (601D1886-AC64-4F84-AA16-D3DE0DEAC7D6): 25
LogDevObjectVersion:   Dev-Enterprise (9DFFBCD6-494F-0158-E221-12823C92A888): 6
LogDevObjectVersion:   Dev-Niagara (F2AED0AC-9AFE-416F-8664-AA7FFA26D6FC): 1
LogDevObjectVersion:   Dev-Destruction (174F1F0B-B4C6-45A5-B13F-2EE8D0FB917D): 2
LogInit: Presizing for max 16777216 objects, including 0 objects not considered by GC, pre-allocating 0 bytes for permanent pool.
LogInit: Object subsystem initialized
LogConfig: Setting CVar [[con.DebugEarlyDefault:1]]
LogConfig: Setting CVar [[r.setres:1280x720]]
[2020.10.19-22.26.38:914][  0]LogConfig: Setting CVar [[r.VSync:0]]
[2020.10.19-22.26.38:914][  0]LogConfig: Setting CVar [[r.RHICmdBypass:0]]
[2020.10.19-22.26.38:914][  0]LogConfig: Applying CVar settings from Section [/Script/Engine.RendererSettings] File [D:/Git/Unreal/ProjectA/TPSProject/Saved/Config/Windows/Engine.ini]
[2020.10.19-22.26.38:914][  0]LogConfig: Setting CVar [[r.GPUCrashDebugging:0]]
[2020.10.19-22.26.38:914][  0]LogConfig: Applying CVar settings from Section [/Script/Engine.RendererOverrideSettings] File [D:/Git/Unreal/ProjectA/TPSProject/Saved/Config/Windows/Engine.ini]
[2020.10.19-22.26.38:914][  0]LogConfig: Applying CVar settings from Section [/Script/Engine.StreamingSettings] File [D:/Git/Unreal/ProjectA/TPSProject/Saved/Config/Windows/Engine.ini]
[2020.10.19-22.26.38:914][  0]LogConfig: Setting CVar [[s.MinBulkDataSizeForAsyncLoading:131072]]
[2020.10.19-22.26.38:915][  0]LogConfig: Setting CVar [[s.AsyncLoadingThreadEnabled:0]]
[2020.10.19-22.26.38:915][  0]LogConfig: Setting CVar [[s.EventDrivenLoaderEnabled:1]]
[2020.10.19-22.26.38:915][  0]LogConfig: Setting CVar [[s.WarnIfTimeLimitExceeded:0]]
[2020.10.19-22.26.38:915][  0]LogConfig: Setting CVar [[s.TimeLimitExceededMultiplier:1.5]]
[2020.10.19-22.26.38:915][  0]LogConfig: Setting CVar [[s.TimeLimitExceededMinTime:0.005]]
[2020.10.19-22.26.38:915][  0]LogConfig: Setting CVar [[s.UseBackgroundLevelStreaming:1]]
[2020.10.19-22.26.38:915][  0]LogConfig: Setting CVar [[s.PriorityAsyncLoadingExtraTime:15.0]]
[2020.10.19-22.26.38:915][  0]LogConfig: Setting CVar [[s.LevelStreamingActorsUpdateTimeLimit:5.0]]
[2020.10.19-22.26.38:915][  0]LogConfig: Setting CVar [[s.PriorityLevelStreamingActorsUpdateExtraTime:5.0]]
[2020.10.19-22.26.38:915][  0]LogConfig: Setting CVar [[s.LevelStreamingComponentsRegistrationGranularity:10]]
[2020.10.19-22.26.38:915][  0]LogConfig: Setting CVar [[s.UnregisterComponentsTimeLimit:1.0]]
[2020.10.19-22.26.38:915][  0]LogConfig: Setting CVar [[s.LevelStreamingComponentsUnregistrationGranularity:5]]
[2020.10.19-22.26.38:915][  0]LogConfig: Applying CVar settings from Section [/Script/Engine.GarbageCollectionSettings] File [D:/Git/Unreal/ProjectA/TPSProject/Saved/Config/Windows/Engine.ini]
[2020.10.19-22.26.38:915][  0]LogConfig: Setting CVar [[gc.MaxObjectsNotConsideredByGC:1]]
[2020.10.19-22.26.38:915][  0]LogConfig: Setting CVar [[gc.SizeOfPermanentObjectPool:0]]
[2020.10.19-22.26.38:915][  0]LogConfig: Setting CVar [[gc.FlushStreamingOnGC:0]]
[2020.10.19-22.26.38:915][  0]LogConfig: Setting CVar [[gc.NumRetriesBeforeForcingGC:10]]
[2020.10.19-22.26.38:915][  0]LogConfig: Setting CVar [[gc.AllowParallelGC:1]]
[2020.10.19-22.26.38:915][  0]LogConfig: Setting CVar [[gc.TimeBetweenPurgingPendingKillObjects:61.1]]
[2020.10.19-22.26.38:915][  0]LogConfig: Setting CVar [[gc.MaxObjectsInEditor:16777216]]
[2020.10.19-22.26.38:915][  0]LogConfig: Setting CVar [[gc.IncrementalBeginDestroyEnabled:1]]
[2020.10.19-22.26.38:915][  0]LogConfig: Setting CVar [[gc.CreateGCClusters:1]]
[2020.10.19-22.26.38:915][  0]LogConfig: Setting CVar [[gc.MinGCClusterSize:5]]
[2020.10.19-22.26.38:915][  0]LogConfig: Setting CVar [[gc.ActorClusteringEnabled:0]]
[2020.10.19-22.26.38:915][  0]LogConfig: Setting CVar [[gc.BlueprintClusteringEnabled:0]]
[2020.10.19-22.26.38:915][  0]LogConfig: Setting CVar [[gc.UseDisregardForGCOnDedicatedServers:0]]
[2020.10.19-22.26.38:915][  0]LogConfig: Applying CVar settings from Section [/Script/Engine.NetworkSettings] File [D:/Git/Unreal/ProjectA/TPSProject/Saved/Config/Windows/Engine.ini]
[2020.10.19-22.26.38:915][  0]LogConfig: Applying CVar settings from Section [/Script/UnrealEd.CookerSettings] File [D:/Git/Unreal/ProjectA/TPSProject/Saved/Config/Windows/Engine.ini]
[2020.10.19-22.26.38:957][  0]LogConfig: Applying CVar settings from Section [ViewDistanceQuality@3] File [D:/Git/Unreal/ProjectA/TPSProject/Saved/Config/Windows/Scalability.ini]
[2020.10.19-22.26.38:957][  0]LogConfig: Setting CVar [[r.SkeletalMeshLODBias:0]]
[2020.10.19-22.26.38:957][  0]LogConfig: Setting CVar [[r.ViewDistanceScale:1.0]]
[2020.10.19-22.26.38:957][  0]LogConfig: Applying CVar settings from Section [AntiAliasingQuality@3] File [D:/Git/Unreal/ProjectA/TPSProject/Saved/Config/Windows/Scalability.ini]
[2020.10.19-22.26.38:957][  0]LogConfig: Setting CVar [[r.PostProcessAAQuality:4]]
[2020.10.19-22.26.38:957][  0]LogConfig: Applying CVar settings from Section [ShadowQuality@3] File [D:/Git/Unreal/ProjectA/TPSProject/Saved/Config/Windows/Scalability.ini]
[2020.10.19-22.26.38:957][  0]LogConfig: Setting CVar [[r.LightFunctionQuality:1]]
[2020.10.19-22.26.38:957][  0]LogConfig: Setting CVar [[r.ShadowQuality:5]]
[2020.10.19-22.26.38:957][  0]LogConfig: Setting CVar [[r.Shadow.CSM.MaxCascades:10]]
[2020.10.19-22.26.38:957][  0]LogConfig: Setting CVar [[r.Shadow.MaxResolution:2048]]
[2020.10.19-22.26.38:957][  0]LogConfig: Setting CVar [[r.Shadow.MaxCSMResolution:2048]]
[2020.10.19-22.26.38:957][  0]LogConfig: Setting CVar [[r.Shadow.RadiusThreshold:0.01]]
[2020.10.19-22.26.38:957][  0]LogConfig: Setting CVar [[r.Shadow.DistanceScale:1.0]]
[2020.10.19-22.26.38:957][  0]LogConfig: Setting CVar [[r.Shadow.CSM.TransitionScale:1.0]]
[2020.10.19-22.26.38:957][  0]LogConfig: Setting CVar [[r.Shadow.PreShadowResolutionFactor:1.0]]
[2020.10.19-22.26.38:957][  0]LogConfig: Setting CVar [[r.DistanceFieldShadowing:1]]
[2020.10.19-22.26.38:957][  0]LogConfig: Setting CVar [[r.DistanceFieldAO:1]]
[2020.10.19-22.26.38:957][  0]LogConfig: Setting CVar [[r.AOQuality:2]]
[2020.10.19-22.26.38:957][  0]LogConfig: Setting CVar [[r.VolumetricFog:1]]
[2020.10.19-22.26.38:957][  0]LogConfig: Setting CVar [[r.VolumetricFog.GridPixelSize:8]]
[2020.10.19-22.26.38:957][  0]LogConfig: Setting CVar [[r.VolumetricFog.GridSizeZ:128]]
[2020.10.19-22.26.38:957][  0]LogConfig: Setting CVar [[r.VolumetricFog.HistoryMissSupersampleCount:4]]
[2020.10.19-22.26.38:957][  0]LogConfig: Setting CVar [[r.LightMaxDrawDistanceScale:1]]
[2020.10.19-22.26.38:957][  0]LogConfig: Setting CVar [[r.CapsuleShadows:1]]
[2020.10.19-22.26.38:957][  0]LogConfig: Applying CVar settings from Section [PostProcessQuality@3] File [D:/Git/Unreal/ProjectA/TPSProject/Saved/Config/Windows/Scalability.ini]
[2020.10.19-22.26.38:957][  0]LogConfig: Setting CVar [[r.MotionBlurQuality:4]]
[2020.10.19-22.26.38:957][  0]LogConfig: Setting CVar [[r.AmbientOcclusionMipLevelFactor:0.4]]
[2020.10.19-22.26.38:957][  0]LogConfig: Setting CVar [[r.AmbientOcclusionMaxQuality:100]]
[2020.10.19-22.26.38:957][  0]LogConfig: Setting CVar [[r.AmbientOcclusionLevels:-1]]
[2020.10.19-22.26.38:957][  0]LogConfig: Setting CVar [[r.AmbientOcclusionRadiusScale:1.0]]
[2020.10.19-22.26.38:957][  0]LogConfig: Setting CVar [[r.DepthOfFieldQuality:2]]
[2020.10.19-22.26.38:957][  0]LogConfig: Setting CVar [[r.RenderTargetPoolMin:400]]
[2020.10.19-22.26.38:957][  0]LogConfig: Setting CVar [[r.LensFlareQuality:2]]
[2020.10.19-22.26.38:957][  0]LogConfig: Setting CVar [[r.SceneColorFringeQuality:1]]
[2020.10.19-22.26.38:957][  0]LogConfig: Setting CVar [[r.EyeAdaptationQuality:2]]
[2020.10.19-22.26.38:957][  0]LogConfig: Setting CVar [[r.BloomQuality:5]]
[2020.10.19-22.26.38:957][  0]LogConfig: Setting CVar [[r.FastBlurThreshold:100]]
[2020.10.19-22.26.38:957][  0]LogConfig: Setting CVar [[r.Upscale.Quality:3]]
[2020.10.19-22.26.38:957][  0]LogConfig: Setting CVar [[r.Tonemapper.GrainQuantization:1]]
[2020.10.19-22.26.38:957][  0]LogConfig: Setting CVar [[r.LightShaftQuality:1]]
[2020.10.19-22.26.38:957][  0]LogConfig: Setting CVar [[r.Filter.SizeScale:1]]
[2020.10.19-22.26.38:957][  0]LogConfig: Setting CVar [[r.Tonemapper.Quality:5]]
[2020.10.19-22.26.38:958][  0]LogConfig: Setting CVar [[r.DOF.Gather.AccumulatorQuality:1        ; higher gathering accumulator quality]]
[2020.10.19-22.26.38:958][  0]LogConfig: Setting CVar [[r.DOF.Gather.PostfilterMethod:1          ; Median3x3 postfilering method]]
[2020.10.19-22.26.38:958][  0]LogConfig: Setting CVar [[r.DOF.Gather.EnableBokehSettings:0       ; no bokeh simulation when gathering]]
[2020.10.19-22.26.38:958][  0]LogConfig: Setting CVar [[r.DOF.Gather.RingCount:4                 ; medium number of samples when gathering]]
[2020.10.19-22.26.38:958][  0]LogConfig: Setting CVar [[r.DOF.Scatter.ForegroundCompositing:1    ; additive foreground scattering]]
[2020.10.19-22.26.38:958][  0]LogConfig: Setting CVar [[r.DOF.Scatter.BackgroundCompositing:2    ; additive background scattering]]
[2020.10.19-22.26.38:958][  0]LogConfig: Setting CVar [[r.DOF.Scatter.EnableBokehSettings:1      ; bokeh simulation when scattering]]
[2020.10.19-22.26.38:958][  0]LogConfig: Setting CVar [[r.DOF.Scatter.MaxSpriteRatio:0.1         ; only a maximum of 10% of scattered bokeh]]
[2020.10.19-22.26.38:958][  0]LogConfig: Setting CVar [[r.DOF.Recombine.Quality:1                ; cheap slight out of focus]]
[2020.10.19-22.26.38:958][  0]LogConfig: Setting CVar [[r.DOF.Recombine.EnableBokehSettings:0    ; no bokeh simulation on slight out of focus]]
[2020.10.19-22.26.38:958][  0]LogConfig: Setting CVar [[r.DOF.TemporalAAQuality:1                ; more stable temporal accumulation]]
[2020.10.19-22.26.38:958][  0]LogConfig: Setting CVar [[r.DOF.Kernel.MaxForegroundRadius:0.025]]
[2020.10.19-22.26.38:958][  0]LogConfig: Setting CVar [[r.DOF.Kernel.MaxBackgroundRadius:0.025]]
[2020.10.19-22.26.38:958][  0]LogConfig: Applying CVar settings from Section [TextureQuality@3] File [D:/Git/Unreal/ProjectA/TPSProject/Saved/Config/Windows/Scalability.ini]
[2020.10.19-22.26.38:958][  0]LogConfig: Setting CVar [[r.Streaming.MipBias:0]]
[2020.10.19-22.26.38:958][  0]LogConfig: Setting CVar [[r.Streaming.AmortizeCPUToGPUCopy:0]]
[2020.10.19-22.26.38:958][  0]LogConfig: Setting CVar [[r.Streaming.MaxNumTexturesToStreamPerFrame:0]]
[2020.10.19-22.26.38:958][  0]LogConfig: Setting CVar [[r.Streaming.Boost:1]]
[2020.10.19-22.26.38:958][  0]LogConfig: Setting CVar [[r.MaxAnisotropy:8]]
[2020.10.19-22.26.38:958][  0]LogConfig: Setting CVar [[r.Streaming.LimitPoolSizeToVRAM:0]]
[2020.10.19-22.26.38:958][  0]LogConfig: Setting CVar [[r.Streaming.PoolSize:1000]]
[2020.10.19-22.26.38:958][  0]LogConfig: Setting CVar [[r.Streaming.MaxEffectiveScreenSize:0]]
[2020.10.19-22.26.38:958][  0]LogConfig: Applying CVar settings from Section [EffectsQuality@3] File [D:/Git/Unreal/ProjectA/TPSProject/Saved/Config/Windows/Scalability.ini]
[2020.10.19-22.26.38:958][  0]LogConfig: Setting CVar [[r.TranslucencyLightingVolumeDim:64]]
[2020.10.19-22.26.38:958][  0]LogConfig: Setting CVar [[r.RefractionQuality:2]]
[2020.10.19-22.26.38:958][  0]LogConfig: Setting CVar [[r.SSR.Quality:3]]
[2020.10.19-22.26.38:958][  0]LogConfig: Setting CVar [[r.SceneColorFormat:4]]
[2020.10.19-22.26.38:958][  0]LogConfig: Setting CVar [[r.DetailMode:2]]
[2020.10.19-22.26.38:958][  0]LogConfig: Setting CVar [[r.TranslucencyVolumeBlur:1]]
[2020.10.19-22.26.38:958][  0]LogConfig: Setting CVar [[r.MaterialQualityLevel:1 ; High quality]]
[2020.10.19-22.26.38:958][  0]LogConfig: Setting CVar [[r.SSS.Scale:1]]
[2020.10.19-22.26.38:958][  0]LogConfig: Setting CVar [[r.SSS.SampleSet:2]]
[2020.10.19-22.26.38:958][  0]LogConfig: Setting CVar [[r.SSS.Quality:1]]
[2020.10.19-22.26.38:958][  0]LogConfig: Setting CVar [[r.SSS.HalfRes:1]]
[2020.10.19-22.26.38:958][  0]LogConfig: Setting CVar [[r.EmitterSpawnRateScale:1.0]]
[2020.10.19-22.26.38:958][  0]LogConfig: Setting CVar [[r.ParticleLightQuality:2]]
[2020.10.19-22.26.38:958][  0]LogConfig: Applying CVar settings from Section [FoliageQuality@3] File [D:/Git/Unreal/ProjectA/TPSProject/Saved/Config/Windows/Scalability.ini]
[2020.10.19-22.26.38:958][  0]LogConfig: Setting CVar [[foliage.DensityScale:1.0]]
[2020.10.19-22.26.38:958][  0]LogConfig: Setting CVar [[grass.DensityScale:1.0]]
[2020.10.19-22.26.38:975][  0]LogInit: Selected Device Profile: [Windows]
[2020.10.19-22.26.38:975][  0]LogInit: Applying CVar settings loaded from the selected device profile: [Windows]
[2020.10.19-22.26.39:105][  0]LogHAL: Display: Platform has ~ 16 GB [17053462528 / 17179869184 / 16], which maps to Larger [LargestMinGB=32, LargerMinGB=12, DefaultMinGB=8, SmallerMinGB=6, SmallestMinGB=0)
[2020.10.19-22.26.39:109][  0]LogConfig: Setting CVar [[r.Vulkan.UseRealUBs:0		; Required until we fix HLR fall-out]]
[2020.10.19-22.26.39:109][  0]LogInit: Going up to parent DeviceProfile []
[2020.10.19-22.26.39:110][  0]LogConfig: Applying CVar settings from Section [ViewDistanceQuality@3] File [D:/Git/Unreal/ProjectA/TPSProject/Saved/Config/Windows/Scalability.ini]
[2020.10.19-22.26.39:110][  0]LogConfig: Setting CVar [[r.SkeletalMeshLODBias:0]]
[2020.10.19-22.26.39:110][  0]LogConfig: Setting CVar [[r.ViewDistanceScale:1.0]]
[2020.10.19-22.26.39:110][  0]LogConfig: Applying CVar settings from Section [AntiAliasingQuality@3] File [D:/Git/Unreal/ProjectA/TPSProject/Saved/Config/Windows/Scalability.ini]
[2020.10.19-22.26.39:110][  0]LogConfig: Setting CVar [[r.PostProcessAAQuality:4]]
[2020.10.19-22.26.39:110][  0]LogConfig: Applying CVar settings from Section [ShadowQuality@3] File [D:/Git/Unreal/ProjectA/TPSProject/Saved/Config/Windows/Scalability.ini]
[2020.10.19-22.26.39:111][  0]LogConfig: Setting CVar [[r.LightFunctionQuality:1]]
[2020.10.19-22.26.39:111][  0]LogConfig: Setting CVar [[r.ShadowQuality:5]]
[2020.10.19-22.26.39:111][  0]LogConfig: Setting CVar [[r.Shadow.CSM.MaxCascades:10]]
[2020.10.19-22.26.39:111][  0]LogConfig: Setting CVar [[r.Shadow.MaxResolution:2048]]
[2020.10.19-22.26.39:111][  0]LogConfig: Setting CVar [[r.Shadow.MaxCSMResolution:2048]]
[2020.10.19-22.26.39:111][  0]LogConfig: Setting CVar [[r.Shadow.RadiusThreshold:0.01]]
[2020.10.19-22.26.39:111][  0]LogConfig: Setting CVar [[r.Shadow.DistanceScale:1.0]]
[2020.10.19-22.26.39:111][  0]LogConfig: Setting CVar [[r.Shadow.CSM.TransitionScale:1.0]]
[2020.10.19-22.26.39:111][  0]LogConfig: Setting CVar [[r.Shadow.PreShadowResolutionFactor:1.0]]
[2020.10.19-22.26.39:111][  0]LogConfig: Setting CVar [[r.DistanceFieldShadowing:1]]
[2020.10.19-22.26.39:111][  0]LogConfig: Setting CVar [[r.DistanceFieldAO:1]]
[2020.10.19-22.26.39:111][  0]LogConfig: Setting CVar [[r.AOQuality:2]]
[2020.10.19-22.26.39:111][  0]LogConfig: Setting CVar [[r.VolumetricFog:1]]
[2020.10.19-22.26.39:111][  0]LogConfig: Setting CVar [[r.VolumetricFog.GridPixelSize:8]]
[2020.10.19-22.26.39:111][  0]LogConfig: Setting CVar [[r.VolumetricFog.GridSizeZ:128]]
[2020.10.19-22.26.39:111][  0]LogConfig: Setting CVar [[r.VolumetricFog.HistoryMissSupersampleCount:4]]
[2020.10.19-22.26.39:111][  0]LogConfig: Setting CVar [[r.LightMaxDrawDistanceScale:1]]
[2020.10.19-22.26.39:111][  0]LogConfig: Setting CVar [[r.CapsuleShadows:1]]
[2020.10.19-22.26.39:111][  0]LogConfig: Applying CVar settings from Section [PostProcessQuality@3] File [D:/Git/Unreal/ProjectA/TPSProject/Saved/Config/Windows/Scalability.ini]
[2020.10.19-22.26.39:111][  0]LogConfig: Setting CVar [[r.MotionBlurQuality:4]]
[2020.10.19-22.26.39:111][  0]LogConfig: Setting CVar [[r.AmbientOcclusionMipLevelFactor:0.4]]
[2020.10.19-22.26.39:111][  0]LogConfig: Setting CVar [[r.AmbientOcclusionMaxQuality:100]]
[2020.10.19-22.26.39:111][  0]LogConfig: Setting CVar [[r.AmbientOcclusionLevels:-1]]
[2020.10.19-22.26.39:111][  0]LogConfig: Setting CVar [[r.AmbientOcclusionRadiusScale:1.0]]
[2020.10.19-22.26.39:111][  0]LogConfig: Setting CVar [[r.DepthOfFieldQuality:2]]
[2020.10.19-22.26.39:111][  0]LogConfig: Setting CVar [[r.RenderTargetPoolMin:400]]
[2020.10.19-22.26.39:111][  0]LogConfig: Setting CVar [[r.LensFlareQuality:2]]
[2020.10.19-22.26.39:111][  0]LogConfig: Setting CVar [[r.SceneColorFringeQuality:1]]
[2020.10.19-22.26.39:111][  0]LogConfig: Setting CVar [[r.EyeAdaptationQuality:2]]
[2020.10.19-22.26.39:111][  0]LogConfig: Setting CVar [[r.BloomQuality:5]]
[2020.10.19-22.26.39:111][  0]LogConfig: Setting CVar [[r.FastBlurThreshold:100]]
[2020.10.19-22.26.39:111][  0]LogConfig: Setting CVar [[r.Upscale.Quality:3]]
[2020.10.19-22.26.39:111][  0]LogConfig: Setting CVar [[r.Tonemapper.GrainQuantization:1]]
[2020.10.19-22.26.39:111][  0]LogConfig: Setting CVar [[r.LightShaftQuality:1]]
[2020.10.19-22.26.39:111][  0]LogConfig: Setting CVar [[r.Filter.SizeScale:1]]
[2020.10.19-22.26.39:111][  0]LogConfig: Setting CVar [[r.Tonemapper.Quality:5]]
[2020.10.19-22.26.39:111][  0]LogConfig: Setting CVar [[r.DOF.Gather.AccumulatorQuality:1        ; higher gathering accumulator quality]]
[2020.10.19-22.26.39:111][  0]LogConfig: Setting CVar [[r.DOF.Gather.PostfilterMethod:1          ; Median3x3 postfilering method]]
[2020.10.19-22.26.39:111][  0]LogConfig: Setting CVar [[r.DOF.Gather.EnableBokehSettings:0       ; no bokeh simulation when gathering]]
[2020.10.19-22.26.39:111][  0]LogConfig: Setting CVar [[r.DOF.Gather.RingCount:4                 ; medium number of samples when gathering]]
[2020.10.19-22.26.39:111][  0]LogConfig: Setting CVar [[r.DOF.Scatter.ForegroundCompositing:1    ; additive foreground scattering]]
[2020.10.19-22.26.39:111][  0]LogConfig: Setting CVar [[r.DOF.Scatter.BackgroundCompositing:2    ; additive background scattering]]
[2020.10.19-22.26.39:111][  0]LogConfig: Setting CVar [[r.DOF.Scatter.EnableBokehSettings:1      ; bokeh simulation when scattering]]
[2020.10.19-22.26.39:111][  0]LogConfig: Setting CVar [[r.DOF.Scatter.MaxSpriteRatio:0.1         ; only a maximum of 10% of scattered bokeh]]
[2020.10.19-22.26.39:111][  0]LogConfig: Setting CVar [[r.DOF.Recombine.Quality:1                ; cheap slight out of focus]]
[2020.10.19-22.26.39:111][  0]LogConfig: Setting CVar [[r.DOF.Recombine.EnableBokehSettings:0    ; no bokeh simulation on slight out of focus]]
[2020.10.19-22.26.39:111][  0]LogConfig: Setting CVar [[r.DOF.TemporalAAQuality:1                ; more stable temporal accumulation]]
[2020.10.19-22.26.39:111][  0]LogConfig: Setting CVar [[r.DOF.Kernel.MaxForegroundRadius:0.025]]
[2020.10.19-22.26.39:111][  0]LogConfig: Setting CVar [[r.DOF.Kernel.MaxBackgroundRadius:0.025]]
[2020.10.19-22.26.39:111][  0]LogConfig: Applying CVar settings from Section [TextureQuality@3] File [D:/Git/Unreal/ProjectA/TPSProject/Saved/Config/Windows/Scalability.ini]
[2020.10.19-22.26.39:111][  0]LogConfig: Setting CVar [[r.Streaming.MipBias:0]]
[2020.10.19-22.26.39:111][  0]LogConfig: Setting CVar [[r.Streaming.AmortizeCPUToGPUCopy:0]]
[2020.10.19-22.26.39:111][  0]LogConfig: Setting CVar [[r.Streaming.MaxNumTexturesToStreamPerFrame:0]]
[2020.10.19-22.26.39:111][  0]LogConfig: Setting CVar [[r.Streaming.Boost:1]]
[2020.10.19-22.26.39:111][  0]LogConfig: Setting CVar [[r.MaxAnisotropy:8]]
[2020.10.19-22.26.39:111][  0]LogConfig: Setting CVar [[r.Streaming.LimitPoolSizeToVRAM:0]]
[2020.10.19-22.26.39:111][  0]LogConfig: Setting CVar [[r.Streaming.PoolSize:1000]]
[2020.10.19-22.26.39:111][  0]LogConfig: Setting CVar [[r.Streaming.MaxEffectiveScreenSize:0]]
[2020.10.19-22.26.39:112][  0]LogConfig: Applying CVar settings from Section [EffectsQuality@3] File [D:/Git/Unreal/ProjectA/TPSProject/Saved/Config/Windows/Scalability.ini]
[2020.10.19-22.26.39:112][  0]LogConfig: Setting CVar [[r.TranslucencyLightingVolumeDim:64]]
[2020.10.19-22.26.39:112][  0]LogConfig: Setting CVar [[r.RefractionQuality:2]]
[2020.10.19-22.26.39:112][  0]LogConfig: Setting CVar [[r.SSR.Quality:3]]
[2020.10.19-22.26.39:112][  0]LogConfig: Setting CVar [[r.SceneColorFormat:4]]
[2020.10.19-22.26.39:112][  0]LogConfig: Setting CVar [[r.DetailMode:2]]
[2020.10.19-22.26.39:112][  0]LogConfig: Setting CVar [[r.TranslucencyVolumeBlur:1]]
[2020.10.19-22.26.39:112][  0]LogConfig: Setting CVar [[r.MaterialQualityLevel:1 ; High quality]]
[2020.10.19-22.26.39:112][  0]LogConfig: Setting CVar [[r.SSS.Scale:1]]
[2020.10.19-22.26.39:112][  0]LogConfig: Setting CVar [[r.SSS.SampleSet:2]]
[2020.10.19-22.26.39:112][  0]LogConfig: Setting CVar [[r.SSS.Quality:1]]
[2020.10.19-22.26.39:112][  0]LogConfig: Setting CVar [[r.SSS.HalfRes:1]]
[2020.10.19-22.26.39:112][  0]LogConfig: Setting CVar [[r.EmitterSpawnRateScale:1.0]]
[2020.10.19-22.26.39:112][  0]LogConfig: Setting CVar [[r.ParticleLightQuality:2]]
[2020.10.19-22.26.39:112][  0]LogConfig: Applying CVar settings from Section [FoliageQuality@3] File [D:/Git/Unreal/ProjectA/TPSProject/Saved/Config/Windows/Scalability.ini]
[2020.10.19-22.26.39:112][  0]LogConfig: Setting CVar [[foliage.DensityScale:1.0]]
[2020.10.19-22.26.39:112][  0]LogConfig: Setting CVar [[grass.DensityScale:1.0]]
[2020.10.19-22.26.39:112][  0]LogConfig: Applying CVar settings from Section [Startup] File [../../../Engine/Config/ConsoleVariables.ini]
[2020.10.19-22.26.39:130][  0]LogConfig: Setting CVar [[net.UseAdaptiveNetUpdateFrequency:0]]
[2020.10.19-22.26.39:130][  0]LogConfig: Setting CVar [[p.chaos.AllowCreatePhysxBodies:1]]
[2020.10.19-22.26.39:130][  0]LogConfig: Applying CVar settings from Section [ConsoleVariables] File [D:/Git/Unreal/ProjectA/TPSProject/Saved/Config/Windows/Engine.ini]
[2020.10.19-22.26.39:188][  0]LogInit: Computer: DESKTOP-3KM13R4
[2020.10.19-22.26.39:188][  0]LogInit: User: liuhongfei
[2020.10.19-22.26.39:188][  0]LogInit: CPU Page size=4096, Cores=4
[2020.10.19-22.26.39:188][  0]LogInit: High frequency timer resolution =10.000000 MHz
[2020.10.19-22.26.39:189][  0]LogMemory: Memory total: Physical=15.9GB (16GB approx)
[2020.10.19-22.26.39:189][  0]LogMemory: Platform Memory Stats for Windows
[2020.10.19-22.26.39:189][  0]LogMemory: Process Physical Memory: 96.78 MB used, 96.78 MB peak
[2020.10.19-22.26.39:189][  0]LogMemory: Process Virtual Memory: 90.40 MB used, 90.40 MB peak
[2020.10.19-22.26.39:189][  0]LogMemory: Physical Memory: 8476.13 MB used,  7787.32 MB free, 16263.45 MB total
[2020.10.19-22.26.39:189][  0]LogMemory: Virtual Memory: 4644.00 MB used,  134213080.00 MB free, 134217728.00 MB total
[2020.10.19-22.26.39:968][  0]LogInit: Overriding language with editor language configuration option (en).
[2020.10.19-22.26.39:968][  0]LogInit: Overriding locale with editor locale configuration option (en).
[2020.10.19-22.26.40:859][  0]LogInit: Setting process to per monitor DPI aware
[2020.10.19-22.26.41:545][  0]LogSlate: New Slate User Created.  User Index 0, Is Virtual User: 0
[2020.10.19-22.26.41:545][  0]LogSlate: Slate User Registered.  User Index 0, Is Virtual User: 0
[2020.10.19-22.26.46:569][  0]LogHMD: Failed to initialize OpenVR with code 110
[2020.10.19-22.26.46:570][  0]LogD3D11RHI: D3D11 adapters:
[2020.10.19-22.26.46:673][  0]LogD3D11RHI:    0. 'NVIDIA GeForce GTX 1060' (Feature Level 11_0)
[2020.10.19-22.26.46:673][  0]LogD3D11RHI:       6052/0/8131 MB DedicatedVideo/DedicatedSystem/SharedSystem, Outputs:1, VendorId:0x10de
[2020.10.19-22.26.46:713][  0]LogD3D11RHI:    1. 'Intel(R) HD Graphics 630' (Feature Level 11_0)
[2020.10.19-22.26.46:713][  0]LogD3D11RHI:       128/0/8131 MB DedicatedVideo/DedicatedSystem/SharedSystem, Outputs:0, VendorId:0x8086
[2020.10.19-22.26.46:717][  0]LogD3D11RHI:    2. 'Microsoft Basic Render Driver' (Feature Level 11_0)
[2020.10.19-22.26.46:717][  0]LogD3D11RHI:       0/0/8131 MB DedicatedVideo/DedicatedSystem/SharedSystem, Outputs:0, VendorId:0x1414
[2020.10.19-22.26.46:717][  0]LogD3D11RHI: Chosen D3D11 Adapter: 0
[2020.10.19-22.26.46:889][  0]LogD3D11RHI: Creating new Direct3DDevice
[2020.10.19-22.26.46:890][  0]LogD3D11RHI:     GPU DeviceId: 0x1c20 (for the marketing name, search the web for "GPU Device Id")
[2020.10.19-22.26.46:906][  0]LogWindows: EnumDisplayDevices:
[2020.10.19-22.26.46:906][  0]LogWindows:    0. 'Intel(R) HD Graphics 630' (P:1 D:1)
[2020.10.19-22.26.46:906][  0]LogWindows:    1. 'Intel(R) HD Graphics 630' (P:0 D:0)
[2020.10.19-22.26.46:907][  0]LogWindows:    2. 'Intel(R) HD Graphics 630' (P:0 D:0)
[2020.10.19-22.26.46:907][  0]LogWindows:    3. 'NVIDIA GeForce GTX 1060' (P:0 D:0)
[2020.10.19-22.26.46:907][  0]LogWindows:    4. 'NVIDIA GeForce GTX 1060' (P:0 D:0)
[2020.10.19-22.26.46:907][  0]LogWindows:    5. 'NVIDIA GeForce GTX 1060' (P:0 D:0)
[2020.10.19-22.26.46:908][  0]LogWindows:    6. 'NVIDIA GeForce GTX 1060' (P:0 D:0)
[2020.10.19-22.26.46:908][  0]LogWindows: DebugString: PrimaryIsNotTheChoosenAdapter PrimaryIsNotTheChoosenAdapter PrimaryIsNotTheChoosenAdapter FoundDriverCount:4 
[2020.10.19-22.26.46:908][  0]LogD3D11RHI:     Adapter Name: NVIDIA GeForce GTX 1060
[2020.10.19-22.26.46:908][  0]LogD3D11RHI:   Driver Version: 445.87 (internal:26.21.14.4587, unified:445.87)
[2020.10.19-22.26.46:908][  0]LogD3D11RHI:      Driver Date: 4-3-2020
[2020.10.19-22.26.46:908][  0]LogRHI: Texture pool is 4236 MB (70% of 6052 MB)
[2020.10.19-22.26.46:983][  0]LogD3D11RHI: Async texture creation enabled
[2020.10.19-22.26.47:278][  0]LogRendererCore: FGlobalReadBuffer::InitRHI
[2020.10.19-22.26.47:280][  0]LogRendererCore: FGlobalReadBuffer::InitRHI
[2020.10.19-22.26.47:280][  0]LogRendererCore: FGlobalReadBuffer::InitRHI
[2020.10.19-22.26.47:354][  0]LogD3D11RHI: GPU Timing Frequency: 1000.000000 (Debug: 2 1)
[2020.10.19-22.26.48:476][  0]LogTemp: Display: Module 'AllDesktopTargetPlatform' loaded TargetPlatform 'AllDesktop'
[2020.10.19-22.26.48:523][  0]LogTemp: Display: Module 'MacClientTargetPlatform' loaded TargetPlatform 'MacClient'
[2020.10.19-22.26.48:584][  0]LogTemp: Display: Module 'MacNoEditorTargetPlatform' loaded TargetPlatform 'MacNoEditor'
[2020.10.19-22.26.48:619][  0]LogTemp: Display: Module 'MacServerTargetPlatform' loaded TargetPlatform 'MacServer'
[2020.10.19-22.26.48:722][  0]LogTemp: Display: Module 'MacTargetPlatform' loaded TargetPlatform 'Mac'
[2020.10.19-22.26.48:765][  0]LogTemp: Display: Module 'WindowsClientTargetPlatform' loaded TargetPlatform 'WindowsClient'
[2020.10.19-22.26.48:798][  0]LogTemp: Display: Module 'WindowsNoEditorTargetPlatform' loaded TargetPlatform 'WindowsNoEditor'
[2020.10.19-22.26.48:843][  0]LogTemp: Display: Module 'WindowsServerTargetPlatform' loaded TargetPlatform 'WindowsServer'
[2020.10.19-22.26.48:879][  0]LogTemp: Display: Module 'WindowsTargetPlatform' loaded TargetPlatform 'Windows'
[2020.10.19-22.26.49:082][  0]LogTemp: Display: Module 'AndroidTargetPlatform' loaded TargetPlatform 'Android'
[2020.10.19-22.26.49:082][  0]LogTemp: Display: Module 'AndroidTargetPlatform' loaded TargetPlatform 'Android_ASTC'
[2020.10.19-22.26.49:082][  0]LogTemp: Display: Module 'AndroidTargetPlatform' loaded TargetPlatform 'Android_ATC'
[2020.10.19-22.26.49:082][  0]LogTemp: Display: Module 'AndroidTargetPlatform' loaded TargetPlatform 'Android_DXT'
[2020.10.19-22.26.49:082][  0]LogTemp: Display: Module 'AndroidTargetPlatform' loaded TargetPlatform 'Android_ETC1'
[2020.10.19-22.26.49:082][  0]LogTemp: Display: Module 'AndroidTargetPlatform' loaded TargetPlatform 'Android_ETC1a'
[2020.10.19-22.26.49:082][  0]LogTemp: Display: Module 'AndroidTargetPlatform' loaded TargetPlatform 'Android_ETC2'
[2020.10.19-22.26.49:082][  0]LogTemp: Display: Module 'AndroidTargetPlatform' loaded TargetPlatform 'Android_PVRTC'
[2020.10.19-22.26.49:082][  0]LogTemp: Display: Module 'AndroidTargetPlatform' loaded TargetPlatform 'AndroidClient'
[2020.10.19-22.26.49:082][  0]LogTemp: Display: Module 'AndroidTargetPlatform' loaded TargetPlatform 'Android_ASTCClient'
[2020.10.19-22.26.49:082][  0]LogTemp: Display: Module 'AndroidTargetPlatform' loaded TargetPlatform 'Android_ATCClient'
[2020.10.19-22.26.49:082][  0]LogTemp: Display: Module 'AndroidTargetPlatform' loaded TargetPlatform 'Android_DXTClient'
[2020.10.19-22.26.49:082][  0]LogTemp: Display: Module 'AndroidTargetPlatform' loaded TargetPlatform 'Android_ETC1Client'
[2020.10.19-22.26.49:082][  0]LogTemp: Display: Module 'AndroidTargetPlatform' loaded TargetPlatform 'Android_ETC1aClient'
[2020.10.19-22.26.49:082][  0]LogTemp: Display: Module 'AndroidTargetPlatform' loaded TargetPlatform 'Android_ETC2Client'
[2020.10.19-22.26.49:082][  0]LogTemp: Display: Module 'AndroidTargetPlatform' loaded TargetPlatform 'Android_PVRTCClient'
[2020.10.19-22.26.49:082][  0]LogTemp: Display: Module 'AndroidTargetPlatform' loaded TargetPlatform 'Android_Multi'
[2020.10.19-22.26.49:082][  0]LogTemp: Display: Module 'AndroidTargetPlatform' loaded TargetPlatform 'Android_MultiClient'
[2020.10.19-22.26.49:108][  0]LogTemp: Display: Module 'HTML5TargetPlatform' loaded TargetPlatform 'HTML5'
[2020.10.19-22.26.49:414][  0]LogTemp: Display: Module 'IOSTargetPlatform' loaded TargetPlatform 'IOSClient'
[2020.10.19-22.26.49:414][  0]LogTemp: Display: Module 'IOSTargetPlatform' loaded TargetPlatform 'IOS'
[2020.10.19-22.26.49:481][  0]LogTemp: Display: Module 'TVOSTargetPlatform' loaded TargetPlatform 'TVOSClient'
[2020.10.19-22.26.49:481][  0]LogTemp: Display: Module 'TVOSTargetPlatform' loaded TargetPlatform 'TVOS'
[2020.10.19-22.26.49:515][  0]LogTemp: Display: Module 'LinuxClientTargetPlatform' loaded TargetPlatform 'LinuxClient'
[2020.10.19-22.26.49:567][  0]LogTemp: Display: Module 'LinuxNoEditorTargetPlatform' loaded TargetPlatform 'LinuxNoEditor'
[2020.10.19-22.26.49:629][  0]LogTemp: Display: Module 'LinuxServerTargetPlatform' loaded TargetPlatform 'LinuxServer'
[2020.10.19-22.26.49:714][  0]LogTemp: Display: Module 'LinuxTargetPlatform' loaded TargetPlatform 'Linux'
[2020.10.19-22.26.49:829][  0]LogTemp: Display: Module 'LuminTargetPlatform' loaded TargetPlatform 'Lumin'
[2020.10.19-22.26.49:829][  0]LogTemp: Display: Module 'LuminTargetPlatform' loaded TargetPlatform 'LuminClient'
[2020.10.19-22.26.49:829][  0]LogTargetPlatformManager: Display: Building Assets For Windows
[2020.10.19-22.26.50:058][  0]LogAudioDebug: Display: Lib vorbis DLL was dynamically loaded.
[2020.10.19-22.26.50:853][  0]LogShaderCompilers: Guid format shader working directory is 7 characters bigger than the processId version (../../../../../Git/Unreal/ProjectA/TPSProject/Intermediate/Shaders/WorkingDirectory/3856/).
[2020.10.19-22.26.50:854][  0]LogShaderCompilers: Cleaned the shader compiler working directory 'C:/Users/liu hongfei/AppData/Local/Temp/UnrealShaderWorkingDir/B4DC968645823AF8C4846AB57C2A4C8B/'.
[2020.10.19-22.26.50:883][  0]LogXGEController: Cleaning working directory: C:/Users/liu hongfei/AppData/Local/Temp/UnrealXGEWorkingDir/
[2020.10.19-22.26.50:883][  0]LogXGEController: Cannot use XGE Controller as Incredibuild is not installed on this machine.
[2020.10.19-22.26.50:884][  0]LogShaderCompilers: Cannot use XGE Shader Compiler as Incredibuild is not installed on this machine.
[2020.10.19-22.26.50:884][  0]LogShaderCompilers: Display: Using Local Shader Compiler.
[2020.10.19-22.26.56:567][  0]LogDerivedDataCache: Display: Max Cache Size: 512 MB
[2020.10.19-22.26.56:791][  0]LogDerivedDataCache: Loaded boot cache 0.22s 71MB C:/Users/liu hongfei/AppData/Local/UnrealEngine/4.22/DerivedDataCache/Boot.ddc.
[2020.10.19-22.26.56:791][  0]LogDerivedDataCache: Display: Loaded Boot cache: C:/Users/liu hongfei/AppData/Local/UnrealEngine/4.22/DerivedDataCache/Boot.ddc
[2020.10.19-22.26.56:791][  0]LogDerivedDataCache: FDerivedDataBackendGraph:  Pak pak cache file ../../../../../Git/Unreal/ProjectA/TPSProject/DerivedDataCache/DDC.ddp not found, will not use a pak cache.
[2020.10.19-22.26.56:792][  0]LogDerivedDataCache: Unable to find inner node Pak for hierarchical cache Hierarchy.
[2020.10.19-22.26.56:792][  0]LogDerivedDataCache: FDerivedDataBackendGraph:  CompressedPak pak cache file ../../../../../Git/Unreal/ProjectA/TPSProject/DerivedDataCache/Compressed.ddp not found, will not use a pak cache.
[2020.10.19-22.26.56:792][  0]LogDerivedDataCache: Unable to find inner node CompressedPak for hierarchical cache Hierarchy.
[2020.10.19-22.26.56:862][  0]LogDerivedDataCache: Display: Pak cache opened for reading ../../../Engine/DerivedDataCache/Compressed.ddp.
[2020.10.19-22.26.56:862][  0]LogDerivedDataCache: FDerivedDataBackendGraph:  EnterprisePak pak cache file ../../../Enterprise/DerivedDataCache/Compressed.ddp not found, will not use a pak cache.
[2020.10.19-22.26.56:862][  0]LogDerivedDataCache: Unable to find inner node EnterprisePak for hierarchical cache Hierarchy.
[2020.10.19-22.26.56:877][  0]LogDerivedDataCache: Using Local data cache path C:/Users/liu hongfei/AppData/Local/UnrealEngine/Common/DerivedDataCache: Writable
[2020.10.19-22.26.56:877][  0]LogDerivedDataCache: Shared data cache path not found in *engine.ini, will not use an Shared cache.
[2020.10.19-22.26.56:877][  0]LogDerivedDataCache: Unable to find inner node Shared for hierarchical cache Hierarchy.
[2020.10.19-22.26.56:955][  0]LogMaterial: Verifying Global Shaders for PCD3D_SM5
[2020.10.19-22.26.57:060][  0]LogSlate: Using FreeType 2.6.0
[2020.10.19-22.26.57:230][  0]LogSlate: SlateFontServices - WITH_FREETYPE: 1, WITH_HARFBUZZ: 1
[2020.10.19-22.27.00:256][  0]LogAssetRegistry: FAssetRegistry took 0.0391 seconds to start up
[2020.10.19-22.27.06:546][  0]LogInit: Selected Device Profile: [Windows]
[2020.10.19-22.27.09:126][  0]LogMeshReduction: Using QuadricMeshReduction for automatic static mesh reduction
[2020.10.19-22.27.09:126][  0]LogMeshReduction: Using SimplygonMeshReduction for automatic skeletal mesh reduction
[2020.10.19-22.27.09:126][  0]LogMeshReduction: Using ProxyLODMeshReduction for automatic mesh merging
[2020.10.19-22.27.09:126][  0]LogMeshReduction: No distributed automatic mesh merging module available
[2020.10.19-22.27.09:127][  0]LogMeshMerging: No distributed automatic mesh merging module available
[2020.10.19-22.27.09:882][  0]LogNetVersion: TPSProject 1.0.0, NetCL: 5660361, EngineNetVer: 10, GameNetVer: 0 (Checksum: 140633437)
[2020.10.19-22.27.17:909][  0]LogPackageLocalizationCache: Processed 10 localized package path(s) for 1 prioritized culture(s) in 0.206928 seconds
[2020.10.19-22.27.17:979][  0]LogUObjectArray: 42205 objects as part of root set at end of initial load.
[2020.10.19-22.27.17:979][  0]LogUObjectAllocator: 7325032 out of 0 bytes used by permanent object pool.
[2020.10.19-22.27.17:979][  0]LogUObjectArray: CloseDisregardForGC: 0/0 objects in disregard for GC pool
[2020.10.19-22.27.56:806][  0]LogTcpMessaging: Initializing TcpMessaging bridge
[2020.10.19-22.27.56:864][  0]LogUdpMessaging: Initializing bridge on interface 0.0.0.0:0 to multicast group 230.0.0.1:6666.
[2020.10.19-22.27.58:129][  0]SourceControl: Source control is disabled
[2020.10.19-22.27.58:148][  0]LogWindows: Warning: CreateProc failed: The system cannot find the file specified. (0x00000002)
[2020.10.19-22.27.58:148][  0]LogWindows: Warning: URL: C:/Program Files/Git/bin/git.exe version
[2020.10.19-22.27.58:149][  0]LogWindows: Warning: CreateProc failed: The system cannot find the file specified. (0x00000002)
[2020.10.19-22.27.58:149][  0]LogWindows: Warning: URL: C:/Program Files (x86)/Git/bin/git.exe version
[2020.10.19-22.27.58:149][  0]LogWindows: Warning: CreateProc failed: The system cannot find the file specified. (0x00000002)
[2020.10.19-22.27.58:149][  0]LogWindows: Warning: URL: C:\Users\liu hongfei\AppData\Local/Programs/Git/cmd/git.exe version
[2020.10.19-22.27.58:149][  0]LogWindows: Warning: CreateProc failed: The system cannot find the file specified. (0x00000002)
[2020.10.19-22.27.58:149][  0]LogWindows: Warning: URL: C:/Program Files (x86)/SmartGit/git/bin/git.exe version
[2020.10.19-22.27.58:149][  0]LogWindows: Warning: CreateProc failed: The system cannot find the file specified. (0x00000002)
[2020.10.19-22.27.58:149][  0]LogWindows: Warning: URL: C:/Program Files (x86)/SmartGit/bin/git.exe version
[2020.10.19-22.27.58:150][  0]LogWindows: Warning: CreateProc failed: The system cannot find the file specified. (0x00000002)
[2020.10.19-22.27.58:150][  0]LogWindows: Warning: URL: C:\Users\liu hongfei\AppData\Local/Atlassian/SourceTree/git_local/bin/git.exe version
[2020.10.19-22.27.58:150][  0]LogWindows: Warning: CreateProc failed: The system cannot find the file specified. (0x00000002)
[2020.10.19-22.27.58:150][  0]LogWindows: Warning: URL: C:/Program Files (x86)/fournova/Tower/vendor/Git/bin/git.exe version
[2020.10.19-22.27.58:296][  0]LogWindows: Warning: CreateProc failed: The system cannot find the file specified. (0x00000002)
[2020.10.19-22.27.58:296][  0]LogWindows: Warning: URL: C:/Program Files/Git/bin/git.exe version
[2020.10.19-22.27.58:296][  0]LogWindows: Warning: CreateProc failed: The system cannot find the file specified. (0x00000002)
[2020.10.19-22.27.58:296][  0]LogWindows: Warning: URL: C:/Program Files (x86)/Git/bin/git.exe version
[2020.10.19-22.27.58:296][  0]LogWindows: Warning: CreateProc failed: The system cannot find the file specified. (0x00000002)
[2020.10.19-22.27.58:296][  0]LogWindows: Warning: URL: C:\Users\liu hongfei\AppData\Local/Programs/Git/cmd/git.exe version
[2020.10.19-22.27.58:297][  0]LogWindows: Warning: CreateProc failed: The system cannot find the file specified. (0x00000002)
[2020.10.19-22.27.58:297][  0]LogWindows: Warning: URL: C:/Program Files (x86)/SmartGit/git/bin/git.exe version
[2020.10.19-22.27.58:297][  0]LogWindows: Warning: CreateProc failed: The system cannot find the file specified. (0x00000002)
[2020.10.19-22.27.58:297][  0]LogWindows: Warning: URL: C:/Program Files (x86)/SmartGit/bin/git.exe version
[2020.10.19-22.27.58:298][  0]LogWindows: Warning: CreateProc failed: The system cannot find the file specified. (0x00000002)
[2020.10.19-22.27.58:298][  0]LogWindows: Warning: URL: C:\Users\liu hongfei\AppData\Local/Atlassian/SourceTree/git_local/bin/git.exe version
[2020.10.19-22.27.58:298][  0]LogWindows: Warning: CreateProc failed: The system cannot find the file specified. (0x00000002)
[2020.10.19-22.27.58:298][  0]LogWindows: Warning: URL: C:/Program Files (x86)/fournova/Tower/vendor/Git/bin/git.exe version
[2020.10.19-22.27.58:367][  0]LogWindows: Warning: CreateProc failed: The system cannot find the file specified. (0x00000002)
[2020.10.19-22.27.58:367][  0]LogWindows: Warning: URL: C:/Program Files/Git/bin/git.exe version
[2020.10.19-22.27.58:367][  0]LogWindows: Warning: CreateProc failed: The system cannot find the file specified. (0x00000002)
[2020.10.19-22.27.58:367][  0]LogWindows: Warning: URL: C:/Program Files (x86)/Git/bin/git.exe version
[2020.10.19-22.27.58:367][  0]LogWindows: Warning: CreateProc failed: The system cannot find the file specified. (0x00000002)
[2020.10.19-22.27.58:367][  0]LogWindows: Warning: URL: C:\Users\liu hongfei\AppData\Local/Programs/Git/cmd/git.exe version
[2020.10.19-22.27.58:367][  0]LogWindows: Warning: CreateProc failed: The system cannot find the file specified. (0x00000002)
[2020.10.19-22.27.58:367][  0]LogWindows: Warning: URL: C:/Program Files (x86)/SmartGit/git/bin/git.exe version
[2020.10.19-22.27.58:368][  0]LogWindows: Warning: CreateProc failed: The system cannot find the file specified. (0x00000002)
[2020.10.19-22.27.58:368][  0]LogWindows: Warning: URL: C:/Program Files (x86)/SmartGit/bin/git.exe version
[2020.10.19-22.27.58:368][  0]LogWindows: Warning: CreateProc failed: The system cannot find the file specified. (0x00000002)
[2020.10.19-22.27.58:368][  0]LogWindows: Warning: URL: C:\Users\liu hongfei\AppData\Local/Atlassian/SourceTree/git_local/bin/git.exe version
[2020.10.19-22.27.58:368][  0]LogWindows: Warning: CreateProc failed: The system cannot find the file specified. (0x00000002)
[2020.10.19-22.27.58:368][  0]LogWindows: Warning: URL: C:/Program Files (x86)/fournova/Tower/vendor/Git/bin/git.exe version
[2020.10.19-22.28.00:136][  0]LogAndroidPermission: UAndroidPermissionCallbackProxy::GetInstance
[2020.10.19-22.28.01:114][  0]LogOcInput: OculusInput pre-init called
[2020.10.19-22.28.04:088][  0]LogEngine: Initializing Engine...
[2020.10.19-22.28.04:132][  0]LogHMD: Failed to initialize OpenVR with code 110
[2020.10.19-22.28.04:149][  0]LogStats: UGameplayTagsManager::InitializeManager -  0.002 s
[2020.10.19-22.28.04:808][  0]LogInit: Initializing FReadOnlyCVARCache
[2020.10.19-22.28.05:489][  0]LogAIModule: Creating AISystem for world Untitled
[2020.10.19-22.28.05:893][  0]LogInit: XAudio2 using '扬声器 (Realtek High Definition Audio)' : 2 channels at 48 kHz using 32 bits per sample (channel mask 0x3)
[2020.10.19-22.28.05:961][  0]LogInit: FAudioDevice initialized.
[2020.10.19-22.28.05:962][  0]LogNetVersion: Set ProjectVersion to 1.0.0.0. Version Checksum will be recalculated on next use.
[2020.10.19-22.28.06:078][  0]LogDerivedDataCache: Saved boot cache 0.12s 71MB C:/Users/liu hongfei/AppData/Local/UnrealEngine/4.22/DerivedDataCache/Boot.ddc.
[2020.10.19-22.28.06:093][  0]LogInit: Texture streaming: Enabled
[2020.10.19-22.28.06:568][  0]LogEngineSessionManager: EngineSessionManager initialized
[2020.10.19-22.28.07:650][  0]LogInit: Transaction tracking system initialized
[2020.10.19-22.28.08:536][  0]BlueprintLog: New page: Editor Load
[2020.10.19-22.28.13:244][  0]LocalizationService: Localization service is disabled
[2020.10.19-22.28.19:471][  0]LogFileCache: Scanning file cache for directory 'D:/Git/Unreal/ProjectA/TPSProject/Content/' took 0.05s
[2020.10.19-22.28.19:471][  0]LogCook: Display: Max memory allowance for cook 16384mb min free memory 0mb
[2020.10.19-22.28.19:472][  0]LogCook: Display: Mobile HDR setting 1
[2020.10.19-22.28.24:997][  0]LogWindows: Warning: CreateProc failed: The system cannot find the file specified. (0x00000002)
[2020.10.19-22.28.24:997][  0]LogWindows: Warning: URL: C:/Program Files/Git/bin/git.exe version
[2020.10.19-22.28.24:997][  0]LogWindows: Warning: CreateProc failed: The system cannot find the file specified. (0x00000002)
[2020.10.19-22.28.24:997][  0]LogWindows: Warning: URL: C:/Program Files (x86)/Git/bin/git.exe version
[2020.10.19-22.28.24:997][  0]LogWindows: Warning: CreateProc failed: The system cannot find the file specified. (0x00000002)
[2020.10.19-22.28.24:997][  0]LogWindows: Warning: URL: C:\Users\liu hongfei\AppData\Local/Programs/Git/cmd/git.exe version
[2020.10.19-22.28.24:998][  0]LogWindows: Warning: CreateProc failed: The system cannot find the file specified. (0x00000002)
[2020.10.19-22.28.24:998][  0]LogWindows: Warning: URL: C:/Program Files (x86)/SmartGit/git/bin/git.exe version
[2020.10.19-22.28.24:998][  0]LogWindows: Warning: CreateProc failed: The system cannot find the file specified. (0x00000002)
[2020.10.19-22.28.24:998][  0]LogWindows: Warning: URL: C:/Program Files (x86)/SmartGit/bin/git.exe version
[2020.10.19-22.28.24:998][  0]LogWindows: Warning: CreateProc failed: The system cannot find the file specified. (0x00000002)
[2020.10.19-22.28.24:999][  0]LogWindows: Warning: URL: C:\Users\liu hongfei\AppData\Local/Atlassian/SourceTree/git_local/bin/git.exe version
[2020.10.19-22.28.24:999][  0]LogWindows: Warning: CreateProc failed: The system cannot find the file specified. (0x00000002)
[2020.10.19-22.28.24:999][  0]LogWindows: Warning: URL: C:/Program Files (x86)/fournova/Tower/vendor/Git/bin/git.exe version
[2020.10.19-22.28.25:101][  0]Cmd: MAP LOAD FILE="../../../../../Git/Unreal/ProjectA/TPSProject/Content/ThirdPersonBP/Maps/ThirdPersonExampleMap.umap" TEMPLATE=0 SHOWPROGRESS=1 FEATURELEVEL=3
[2020.10.19-22.28.25:130][  0]LightingResults: New page: Lighting Build
[2020.10.19-22.28.25:847][  0]MapCheck: New page: Map Check
[2020.10.19-22.28.25:847][  0]LightingResults: New page: Lighting Build
[2020.10.19-22.28.27:358][  0]LogUObjectHash: Compacting FUObjectHashTables data took  18.58ms
[2020.10.19-22.28.30:360][  0]LogAIModule: Creating AISystem for world ThirdPersonExampleMap
[2020.10.19-22.28.31:806][  0]LogEditorServer: Finished looking for orphan Actors (0.000 secs)
[2020.10.19-22.28.32:068][  0]LogUObjectHash: Compacting FUObjectHashTables data took   2.27ms
[2020.10.19-22.28.32:069][  0]Cmd: MAP CHECKDEP NOCLEARLOG
[2020.10.19-22.28.32:094][  0]MapCheck: Map check complete: 0 Error(s), 0 Warning(s), took 0.83ms to complete.
[2020.10.19-22.28.32:129][  0]LogFileHelpers: Loading map 'ThirdPersonExampleMap' took 7.080
[2020.10.19-22.28.35:969][  0]LogSlate: Updating window title bar state: overlay mode, drag disabled, window buttons hidden, title bar hidden
[2020.10.19-22.28.35:981][  0]LogSlate: Updating window title bar state: overlay mode, drag disabled, window buttons hidden, title bar hidden
[2020.10.19-22.28.35:991][  0]LogSlate: Updating window title bar state: overlay mode, drag disabled, window buttons hidden, title bar hidden
[2020.10.19-22.28.36:001][  0]LogSlate: Updating window title bar state: overlay mode, drag disabled, window buttons hidden, title bar hidden
[2020.10.19-22.28.36:157][  0]LogCollectionManager: Loaded 0 collections in 0.000914 seconds
[2020.10.19-22.28.36:471][  0]LogFileCache: Scanning file cache for directory 'D:/Git/Unreal/ProjectA/TPSProject/Saved/Collections/' took 0.01s
[2020.10.19-22.28.36:471][  0]LogFileCache: Scanning file cache for directory 'D:/Git/Unreal/ProjectA/TPSProject/Content/Developers/liuhongfei/Collections/' took 0.01s
[2020.10.19-22.28.36:471][  0]LogFileCache: Scanning file cache for directory 'D:/Git/Unreal/ProjectA/TPSProject/Content/Collections/' took 0.00s
[2020.10.19-22.28.36:471][  0]LogCollectionManager: Rebuilt the GUID cache for 0 collections in 0.000001 seconds
[2020.10.19-22.28.36:482][  0]LogContentBrowser: Native class hierarchy populated in 0.0098 seconds. Added 2732 classes and 659 folders.
[2020.10.19-22.28.36:704][  0]LogContentBrowser: Native class hierarchy updated for 'WidgetCarousel' in 0.0004 seconds. Added 0 classes and 0 folders.
[2020.10.19-22.28.36:841][  0]LogPakFile: Registered encryption key '00000000000000000000000000000000': 0 pak files mounted, 0 remain pending
[2020.10.19-22.28.36:900][  0]LogPakFile: Registered encryption key '00000000000000000000000000000000': 0 pak files mounted, 0 remain pending
[2020.10.19-22.28.36:929][  0]LogPakFile: Registered encryption key '00000000000000000000000000000000': 0 pak files mounted, 0 remain pending
[2020.10.19-22.28.36:941][  0]LogPakFile: Registered encryption key '00000000000000000000000000000000': 0 pak files mounted, 0 remain pending
[2020.10.19-22.28.36:949][  0]LogPakFile: Registered encryption key '00000000000000000000000000000000': 0 pak files mounted, 0 remain pending
[2020.10.19-22.28.36:961][  0]LogPakFile: Registered encryption key '00000000000000000000000000000000': 0 pak files mounted, 0 remain pending
[2020.10.19-22.28.36:973][  0]LogPakFile: Registered encryption key '00000000000000000000000000000000': 0 pak files mounted, 0 remain pending
[2020.10.19-22.28.36:981][  0]LogPakFile: Registered encryption key '00000000000000000000000000000000': 0 pak files mounted, 0 remain pending
[2020.10.19-22.28.36:999][  0]LogPakFile: Registered encryption key '00000000000000000000000000000000': 0 pak files mounted, 0 remain pending
[2020.10.19-22.28.37:010][  0]LogPakFile: Registered encryption key '00000000000000000000000000000000': 0 pak files mounted, 0 remain pending
[2020.10.19-22.28.37:020][  0]LogPakFile: Registered encryption key '00000000000000000000000000000000': 0 pak files mounted, 0 remain pending
[2020.10.19-22.28.37:030][  0]LogPakFile: Registered encryption key '00000000000000000000000000000000': 0 pak files mounted, 0 remain pending
[2020.10.19-22.28.37:042][  0]LogPakFile: Registered encryption key '00000000000000000000000000000000': 0 pak files mounted, 0 remain pending
[2020.10.19-22.28.37:049][  0]LogPakFile: Registered encryption key '00000000000000000000000000000000': 0 pak files mounted, 0 remain pending
[2020.10.19-22.28.37:059][  0]LogPakFile: Registered encryption key '00000000000000000000000000000000': 0 pak files mounted, 0 remain pending
[2020.10.19-22.28.37:066][  0]LogPakFile: Registered encryption key '00000000000000000000000000000000': 0 pak files mounted, 0 remain pending
[2020.10.19-22.28.37:112][  0]LogPakFile: Registered encryption key '00000000000000000000000000000000': 0 pak files mounted, 0 remain pending
[2020.10.19-22.28.37:182][  0]LogPakFile: Registered encryption key '00000000000000000000000000000000': 0 pak files mounted, 0 remain pending
[2020.10.19-22.28.37:194][  0]LogPakFile: Registered encryption key '00000000000000000000000000000000': 0 pak files mounted, 0 remain pending
[2020.10.19-22.28.37:207][  0]LogPakFile: Registered encryption key '00000000000000000000000000000000': 0 pak files mounted, 0 remain pending
[2020.10.19-22.28.37:215][  0]LogPakFile: Registered encryption key '00000000000000000000000000000000': 0 pak files mounted, 0 remain pending
[2020.10.19-22.28.37:226][  0]LogPakFile: Registered encryption key '00000000000000000000000000000000': 0 pak files mounted, 0 remain pending
[2020.10.19-22.28.37:235][  0]LogPakFile: Registered encryption key '00000000000000000000000000000000': 0 pak files mounted, 0 remain pending
[2020.10.19-22.28.37:245][  0]LogPakFile: Registered encryption key '00000000000000000000000000000000': 0 pak files mounted, 0 remain pending
[2020.10.19-22.28.37:255][  0]LogPakFile: Registered encryption key '00000000000000000000000000000000': 0 pak files mounted, 0 remain pending
[2020.10.19-22.28.37:264][  0]LogPakFile: Registered encryption key '00000000000000000000000000000000': 0 pak files mounted, 0 remain pending
[2020.10.19-22.28.38:281][  0]LogContentBrowser: Native class hierarchy updated for 'AddContentDialog' in 0.0002 seconds. Added 0 classes and 0 folders.
[2020.10.19-22.28.38:327][  0]LogContentBrowser: Native class hierarchy updated for 'SceneOutliner' in 0.0003 seconds. Added 1 classes and 2 folders.
[2020.10.19-22.28.40:061][  0]LogSlate: Took 0.045834 seconds to synchronously load lazily loaded font '../../../Engine/Content/Slate/Fonts/Roboto-Regular.ttf' (155K)
[2020.10.19-22.28.40:127][  0]LogSlate: Took 0.030439 seconds to synchronously load lazily loaded font '../../../Engine/Content/Slate/Fonts/Roboto-Bold.ttf' (160K)
[2020.10.19-22.28.40:410][  0]LogSlate: Took 0.027860 seconds to synchronously load lazily loaded font '../../../Engine/Content/Editor/Slate/Fonts/FontAwesome.ttf' (139K)
[2020.10.19-22.28.41:658][  0]LogRenderer: Reallocating scene render targets to support 860x436 Format 10 NumSamples 1 (Frame:1).
[2020.10.19-22.28.43:275][  0]LogContentBrowser: Native class hierarchy updated for 'HierarchicalLODOutliner' in 0.0003 seconds. Added 0 classes and 0 folders.
[2020.10.19-22.28.43:275][  0]LogLoad: (Engine Initialization) Total time: 154.67 seconds
[2020.10.19-22.28.43:275][  0]LogLoad: (Engine Initialization) Total Blueprint compile time: 0.00 seconds
[2020.10.19-22.28.44:162][  0]LogContentStreaming: Texture pool size now 1000 MB
[2020.10.19-22.28.44:482][  0]LogSlate: Took 0.020501 seconds to synchronously load lazily loaded font '../../../Engine/Content/Slate/Fonts/Roboto-Light.ttf' (167K)
[2020.10.19-22.28.45:078][  2]LogAssetRegistry: Asset discovery search completed in 104.8455 seconds
[2020.10.19-22.28.45:100][  2]LogCollectionManager: Rebuilt the object cache for 0 collections in 0.000000 seconds (found 0 objects)
[2020.10.19-22.28.45:100][  2]LogCollectionManager: Fixed up redirectors for 0 collections in 0.019070 seconds (updated 0 objects)
[2020.10.19-22.28.45:128][  2]LogSlate: Took 0.000157 seconds to synchronously load lazily loaded font '../../../Engine/Content/Slate/Fonts/Roboto-Light.ttf' (167K)
[2020.10.19-22.28.50:229][294]LogSlate: FSceneViewport::OnFocusLost() reason 0
[2020.10.19-22.28.50:301][298]LogTemp: Repeating last play command: New Editor Window (PIE)
[2020.10.19-22.28.50:365][298]LogBlueprintUserMessages: Early PlayInEditor Detection: Level '/Game/ThirdPersonBP/Maps/ThirdPersonExampleMap.ThirdPersonExampleMap:PersistentLevel' has LevelScriptBlueprint '/Game/ThirdPersonBP/Maps/ThirdPersonExampleMap.ThirdPersonExampleMap:PersistentLevel.ThirdPersonExampleMap' with GeneratedClass '/Game/ThirdPersonBP/Maps/ThirdPersonExampleMap.ThirdPersonExampleMap_C' with ClassGeneratedBy '/Game/ThirdPersonBP/Maps/ThirdPersonExampleMap.ThirdPersonExampleMap:PersistentLevel.ThirdPersonExampleMap'
[2020.10.19-22.28.50:381][298]LogPlayLevel: PlayLevel: No blueprints needed recompiling
[2020.10.19-22.28.50:446][298]PIE: New page: PIE session: ThirdPersonExampleMap (Oct 19, 2020, 2:28:50 PM)
[2020.10.19-22.28.50:518][298]LogPlayLevel: Creating play world package: /Game/ThirdPersonBP/Maps/UEDPIE_0_ThirdPersonExampleMap
[2020.10.19-22.28.50:616][298]LogPlayLevel: PIE: StaticDuplicateObject took: (0.097392s)
[2020.10.19-22.28.50:629][298]LogAIModule: Creating AISystem for world ThirdPersonExampleMap
[2020.10.19-22.28.50:652][298]LogPlayLevel: PIE: World Init took: (0.035444s)
[2020.10.19-22.28.50:652][298]LogPlayLevel: PIE: Created PIE world by copying editor world from /Game/ThirdPersonBP/Maps/ThirdPersonExampleMap.ThirdPersonExampleMap to /Game/ThirdPersonBP/Maps/UEDPIE_0_ThirdPersonExampleMap.ThirdPersonExampleMap (0.133169s)
[2020.10.19-22.28.50:673][298]LogUObjectHash: Compacting FUObjectHashTables data took   0.97ms
[2020.10.19-22.28.50:773][298]LogInit: XAudio2 using '扬声器 (Realtek High Definition Audio)' : 2 channels at 48 kHz using 32 bits per sample (channel mask 0x3)
[2020.10.19-22.28.50:807][298]LogInit: FAudioDevice initialized.
[2020.10.19-22.28.50:884][298]LogSlate: Updating window title bar state: overlay mode, drag disabled, window buttons hidden, title bar hidden
[2020.10.19-22.28.52:484][298]LogLoad: Game class is 'ThirdPersonGameMode_C'
[2020.10.19-22.28.52:668][298]LogWorld: Bringing World /Game/ThirdPersonBP/Maps/UEDPIE_0_ThirdPersonExampleMap.ThirdPersonExampleMap up for play (max tick rate 60) at 2020.10.19-18.28.52
[2020.10.19-22.28.52:669][298]LogWorld: Bringing up level for play took: 0.002345
[2020.10.19-22.28.53:089][298]LogContentBrowser: Native class hierarchy updated for 'MovieSceneCapture' in 0.0004 seconds. Added 20 classes and 0 folders.
[2020.10.19-22.28.53:403][298]PIE: Play in editor start time for /Game/ThirdPersonBP/Maps/UEDPIE_0_ThirdPersonExampleMap 2.492
[2020.10.19-22.28.53:411][298]LogBlueprintUserMessages: Late PlayInEditor Detection: Level '/Game/ThirdPersonBP/Maps/ThirdPersonExampleMap.ThirdPersonExampleMap:PersistentLevel' has LevelScriptBlueprint '/Game/ThirdPersonBP/Maps/ThirdPersonExampleMap.ThirdPersonExampleMap:PersistentLevel.ThirdPersonExampleMap' with GeneratedClass '/Game/ThirdPersonBP/Maps/ThirdPersonExampleMap.ThirdPersonExampleMap_C' with ClassGeneratedBy '/Game/ThirdPersonBP/Maps/ThirdPersonExampleMap.ThirdPersonExampleMap:PersistentLevel.ThirdPersonExampleMap'
[2020.10.19-22.28.53:706][299]LogRenderer: Reallocating scene render targets to support 1016x544 Format 10 NumSamples 1 (Frame:1).
[2020.10.19-22.28.53:904][301]LogScript: Warning: Accessed None trying to read property CallFunc_TryGetPawnOwner_ReturnValue1
	TPSCharacterAnim_C /Engine/Transient.World_2:PersistentLevel.SkeletalMeshActor_0.SkeletalMeshComponent0.TPSCharacterAnim_C_0
	Function /Game/ThirdPersonShooter/TPSCharacterAnim.TPSCharacterAnim_C:ExecuteUbergraph_TPSCharacterAnim:0251
[2020.10.19-22.28.53:917][301]LogScript: Warning: Accessed None trying to read property CallFunc_TryGetPawnOwner_ReturnValue1
	TPSCharacterAnim_C /Engine/Transient.World_2:PersistentLevel.SkeletalMeshActor_0.SkeletalMeshComponent0.TPSCharacterAnim_C_0
	Function /Game/ThirdPersonShooter/TPSCharacterAnim.TPSCharacterAnim_C:ExecuteUbergraph_TPSCharacterAnim:0283
[2020.10.19-22.28.53:917][301]LogScript: Warning: Accessed None trying to read property CallFunc_TryGetPawnOwner_ReturnValue1
	TPSCharacterAnim_C /Engine/Transient.World_2:PersistentLevel.SkeletalMeshActor_0.SkeletalMeshComponent0.TPSCharacterAnim_C_0
	Function /Game/ThirdPersonShooter/TPSCharacterAnim.TPSCharacterAnim_C:ExecuteUbergraph_TPSCharacterAnim:031C
[2020.10.19-22.29.04:189][907]LogBlueprintUserMessages: Early EndPlayMap Detection: Level '/Game/ThirdPersonBP/Maps/ThirdPersonExampleMap.ThirdPersonExampleMap:PersistentLevel' has LevelScriptBlueprint '/Game/ThirdPersonBP/Maps/ThirdPersonExampleMap.ThirdPersonExampleMap:PersistentLevel.ThirdPersonExampleMap' with GeneratedClass '/Game/ThirdPersonBP/Maps/ThirdPersonExampleMap.ThirdPersonExampleMap_C' with ClassGeneratedBy '/Game/ThirdPersonBP/Maps/ThirdPersonExampleMap.ThirdPersonExampleMap:PersistentLevel.ThirdPersonExampleMap'
[2020.10.19-22.29.04:191][907]LogSlate: Updating window title bar state: overlay mode, drag disabled, window buttons hidden, title bar hidden
[2020.10.19-22.29.04:203][907]LogSlate: Window 'TPSProject Game Preview Standalone (64-bit/PCD3D_SM5)' being destroyed
[2020.10.19-22.29.04:303][907]LogPlayLevel: Display: Shutting down PIE online subsystems
[2020.10.19-22.29.04:303][907]LogBlueprintUserMessages: Late EndPlayMap Detection: Level '/Game/ThirdPersonBP/Maps/ThirdPersonExampleMap.ThirdPersonExampleMap:PersistentLevel' has LevelScriptBlueprint '/Game/ThirdPersonBP/Maps/ThirdPersonExampleMap.ThirdPersonExampleMap:PersistentLevel.ThirdPersonExampleMap' with GeneratedClass '/Game/ThirdPersonBP/Maps/ThirdPersonExampleMap.ThirdPersonExampleMap_C' with ClassGeneratedBy '/Game/ThirdPersonBP/Maps/ThirdPersonExampleMap.ThirdPersonExampleMap:PersistentLevel.ThirdPersonExampleMap'
[2020.10.19-22.29.04:555][907]LogUObjectHash: Compacting FUObjectHashTables data took   2.34ms
[2020.10.19-22.29.04:568][908]LogPlayLevel: Display: Destroying online subsystem :Context_1
[2020.10.19-22.29.10:881][278]LogAssetEditorManager: Opening Asset editor for Blueprint /Game/ThirdPersonShooter/SideControllerGameMode.SideControllerGameMode
[2020.10.19-22.29.11:926][278]LogContentBrowser: Native class hierarchy updated for 'BlueprintGraph' in 0.0006 seconds. Added 121 classes and 0 folders.
[2020.10.19-22.29.14:320][278]LogSlate: Took 0.024931 seconds to synchronously load lazily loaded font '../../../Engine/Content/Slate/Fonts/Roboto-BoldCondensed.ttf' (158K)
[2020.10.19-22.29.14:974][279]LogSlate: Took 0.010468 seconds to synchronously load lazily loaded font '../../../Engine/Content/Slate/Fonts/Roboto-Italic.ttf' (157K)
[2020.10.19-22.29.23:461][777]LogSlate: Window 'SideControllerGameMode' being destroyed
[2020.10.19-22.29.23:470][777]LogSlate: Window 'SideControllerGameMode' being destroyed
[2020.10.19-22.29.33:996][382]LogTemp: Repeating last play command: New Editor Window (PIE)
[2020.10.19-22.29.34:010][382]LogBlueprintUserMessages: Early PlayInEditor Detection: Level '/Game/ThirdPersonBP/Maps/ThirdPersonExampleMap.ThirdPersonExampleMap:PersistentLevel' has LevelScriptBlueprint '/Game/ThirdPersonBP/Maps/ThirdPersonExampleMap.ThirdPersonExampleMap:PersistentLevel.ThirdPersonExampleMap' with GeneratedClass '/Game/ThirdPersonBP/Maps/ThirdPersonExampleMap.ThirdPersonExampleMap_C' with ClassGeneratedBy '/Game/ThirdPersonBP/Maps/ThirdPersonExampleMap.ThirdPersonExampleMap:PersistentLevel.ThirdPersonExampleMap'
[2020.10.19-22.29.34:010][382]LogPlayLevel: PlayLevel: No blueprints needed recompiling
[2020.10.19-22.29.34:010][382]PIE: New page: PIE session: ThirdPersonExampleMap (Oct 19, 2020, 2:29:34 PM)
[2020.10.19-22.29.34:010][382]LogPlayLevel: Creating play world package: /Game/ThirdPersonBP/Maps/UEDPIE_0_ThirdPersonExampleMap
[2020.10.19-22.29.34:021][382]LogPlayLevel: PIE: StaticDuplicateObject took: (0.011010s)
[2020.10.19-22.29.34:022][382]LogAIModule: Creating AISystem for world ThirdPersonExampleMap
[2020.10.19-22.29.34:022][382]LogPlayLevel: PIE: World Init took: (0.000669s)
[2020.10.19-22.29.34:022][382]LogPlayLevel: PIE: Created PIE world by copying editor world from /Game/ThirdPersonBP/Maps/ThirdPersonExampleMap.ThirdPersonExampleMap to /Game/ThirdPersonBP/Maps/UEDPIE_0_ThirdPersonExampleMap.ThirdPersonExampleMap (0.011848s)
[2020.10.19-22.29.34:107][382]LogUObjectHash: Compacting FUObjectHashTables data took   4.48ms
[2020.10.19-22.29.34:118][382]LogInit: XAudio2 using '扬声器 (Realtek High Definition Audio)' : 2 channels at 48 kHz using 32 bits per sample (channel mask 0x3)
[2020.10.19-22.29.34:152][382]LogInit: FAudioDevice initialized.
[2020.10.19-22.29.34:171][382]LogSlate: Updating window title bar state: overlay mode, drag disabled, window buttons hidden, title bar hidden
[2020.10.19-22.29.34:208][382]LogLoad: Game class is 'ThirdPersonGameMode_C'
[2020.10.19-22.29.34:211][382]LogWorld: Bringing World /Game/ThirdPersonBP/Maps/UEDPIE_0_ThirdPersonExampleMap.ThirdPersonExampleMap up for play (max tick rate 60) at 2020.10.19-18.29.34
[2020.10.19-22.29.34:211][382]LogWorld: Bringing up level for play took: 0.001872
[2020.10.19-22.29.34:231][382]PIE: Play in editor start time for /Game/ThirdPersonBP/Maps/UEDPIE_0_ThirdPersonExampleMap -0.681
[2020.10.19-22.29.34:231][382]LogBlueprintUserMessages: Late PlayInEditor Detection: Level '/Game/ThirdPersonBP/Maps/ThirdPersonExampleMap.ThirdPersonExampleMap:PersistentLevel' has LevelScriptBlueprint '/Game/ThirdPersonBP/Maps/ThirdPersonExampleMap.ThirdPersonExampleMap:PersistentLevel.ThirdPersonExampleMap' with GeneratedClass '/Game/ThirdPersonBP/Maps/ThirdPersonExampleMap.ThirdPersonExampleMap_C' with ClassGeneratedBy '/Game/ThirdPersonBP/Maps/ThirdPersonExampleMap.ThirdPersonExampleMap:PersistentLevel.ThirdPersonExampleMap'
[2020.10.19-22.30.15:345][831]LogBlueprintUserMessages: Early EndPlayMap Detection: Level '/Game/ThirdPersonBP/Maps/ThirdPersonExampleMap.ThirdPersonExampleMap:PersistentLevel' has LevelScriptBlueprint '/Game/ThirdPersonBP/Maps/ThirdPersonExampleMap.ThirdPersonExampleMap:PersistentLevel.ThirdPersonExampleMap' with GeneratedClass '/Game/ThirdPersonBP/Maps/ThirdPersonExampleMap.ThirdPersonExampleMap_C' with ClassGeneratedBy '/Game/ThirdPersonBP/Maps/ThirdPersonExampleMap.ThirdPersonExampleMap:PersistentLevel.ThirdPersonExampleMap'
[2020.10.19-22.30.15:345][831]LogSlate: Updating window title bar state: overlay mode, drag disabled, window buttons hidden, title bar hidden
[2020.10.19-22.30.15:358][831]LogSlate: Window 'TPSProject Game Preview Standalone (64-bit/PCD3D_SM5)' being destroyed
[2020.10.19-22.30.15:396][831]LogPlayLevel: Display: Shutting down PIE online subsystems
[2020.10.19-22.30.15:396][831]LogBlueprintUserMessages: Late EndPlayMap Detection: Level '/Game/ThirdPersonBP/Maps/ThirdPersonExampleMap.ThirdPersonExampleMap:PersistentLevel' has LevelScriptBlueprint '/Game/ThirdPersonBP/Maps/ThirdPersonExampleMap.ThirdPersonExampleMap:PersistentLevel.ThirdPersonExampleMap' with GeneratedClass '/Game/ThirdPersonBP/Maps/ThirdPersonExampleMap.ThirdPersonExampleMap_C' with ClassGeneratedBy '/Game/ThirdPersonBP/Maps/ThirdPersonExampleMap.ThirdPersonExampleMap:PersistentLevel.ThirdPersonExampleMap'
[2020.10.19-22.30.15:437][831]LogUObjectHash: Compacting FUObjectHashTables data took   2.30ms
[2020.10.19-22.30.15:457][832]LogPlayLevel: Display: Destroying online subsystem :Context_7
[2020.10.19-22.31.07:388][945]LogTemp: Repeating last play command: New Editor Window (PIE)
[2020.10.19-22.31.07:402][945]LogBlueprintUserMessages: Early PlayInEditor Detection: Level '/Game/ThirdPersonBP/Maps/ThirdPersonExampleMap.ThirdPersonExampleMap:PersistentLevel' has LevelScriptBlueprint '/Game/ThirdPersonBP/Maps/ThirdPersonExampleMap.ThirdPersonExampleMap:PersistentLevel.ThirdPersonExampleMap' with GeneratedClass '/Game/ThirdPersonBP/Maps/ThirdPersonExampleMap.ThirdPersonExampleMap_C' with ClassGeneratedBy '/Game/ThirdPersonBP/Maps/ThirdPersonExampleMap.ThirdPersonExampleMap:PersistentLevel.ThirdPersonExampleMap'
[2020.10.19-22.31.07:402][945]LogPlayLevel: PlayLevel: No blueprints needed recompiling
[2020.10.19-22.31.07:402][945]PIE: New page: PIE session: ThirdPersonExampleMap (Oct 19, 2020, 2:31:07 PM)
[2020.10.19-22.31.07:402][945]LogPlayLevel: Creating play world package: /Game/ThirdPersonBP/Maps/UEDPIE_0_ThirdPersonExampleMap
[2020.10.19-22.31.07:414][945]LogPlayLevel: PIE: StaticDuplicateObject took: (0.011909s)
[2020.10.19-22.31.07:415][945]LogAIModule: Creating AISystem for world ThirdPersonExampleMap
[2020.10.19-22.31.07:437][945]LogPlayLevel: PIE: World Init took: (0.023570s)
[2020.10.19-22.31.07:437][945]LogPlayLevel: PIE: Created PIE world by copying editor world from /Game/ThirdPersonBP/Maps/ThirdPersonExampleMap.ThirdPersonExampleMap to /Game/ThirdPersonBP/Maps/UEDPIE_0_ThirdPersonExampleMap.ThirdPersonExampleMap (0.035701s)
[2020.10.19-22.31.07:469][945]LogUObjectHash: Compacting FUObjectHashTables data took   2.18ms
[2020.10.19-22.31.07:477][945]LogInit: XAudio2 using '扬声器 (Realtek High Definition Audio)' : 2 channels at 48 kHz using 32 bits per sample (channel mask 0x3)
[2020.10.19-22.31.07:510][945]LogInit: FAudioDevice initialized.
[2020.10.19-22.31.07:524][945]LogSlate: Updating window title bar state: overlay mode, drag disabled, window buttons hidden, title bar hidden
[2020.10.19-22.31.07:559][945]LogLoad: Game class is 'ThirdPersonGameMode_C'
[2020.10.19-22.31.07:561][945]LogWorld: Bringing World /Game/ThirdPersonBP/Maps/UEDPIE_0_ThirdPersonExampleMap.ThirdPersonExampleMap up for play (max tick rate 60) at 2020.10.19-18.31.07
[2020.10.19-22.31.07:562][945]LogWorld: Bringing up level for play took: 0.001749
[2020.10.19-22.31.07:579][945]PIE: Play in editor start time for /Game/ThirdPersonBP/Maps/UEDPIE_0_ThirdPersonExampleMap 0.668
[2020.10.19-22.31.07:579][945]LogBlueprintUserMessages: Late PlayInEditor Detection: Level '/Game/ThirdPersonBP/Maps/ThirdPersonExampleMap.ThirdPersonExampleMap:PersistentLevel' has LevelScriptBlueprint '/Game/ThirdPersonBP/Maps/ThirdPersonExampleMap.ThirdPersonExampleMap:PersistentLevel.ThirdPersonExampleMap' with GeneratedClass '/Game/ThirdPersonBP/Maps/ThirdPersonExampleMap.ThirdPersonExampleMap_C' with ClassGeneratedBy '/Game/ThirdPersonBP/Maps/ThirdPersonExampleMap.ThirdPersonExampleMap:PersistentLevel.ThirdPersonExampleMap'
[2020.10.19-22.31.13:702][302]LogBlueprintUserMessages: Early EndPlayMap Detection: Level '/Game/ThirdPersonBP/Maps/ThirdPersonExampleMap.ThirdPersonExampleMap:PersistentLevel' has LevelScriptBlueprint '/Game/ThirdPersonBP/Maps/ThirdPersonExampleMap.ThirdPersonExampleMap:PersistentLevel.ThirdPersonExampleMap' with GeneratedClass '/Game/ThirdPersonBP/Maps/ThirdPersonExampleMap.ThirdPersonExampleMap_C' with ClassGeneratedBy '/Game/ThirdPersonBP/Maps/ThirdPersonExampleMap.ThirdPersonExampleMap:PersistentLevel.ThirdPersonExampleMap'
[2020.10.19-22.31.13:702][302]LogSlate: Updating window title bar state: overlay mode, drag disabled, window buttons hidden, title bar hidden
[2020.10.19-22.31.13:715][302]LogSlate: Window 'TPSProject Game Preview Standalone (64-bit/PCD3D_SM5)' being destroyed
[2020.10.19-22.31.13:753][302]LogPlayLevel: Display: Shutting down PIE online subsystems
[2020.10.19-22.31.13:754][302]LogBlueprintUserMessages: Late EndPlayMap Detection: Level '/Game/ThirdPersonBP/Maps/ThirdPersonExampleMap.ThirdPersonExampleMap:PersistentLevel' has LevelScriptBlueprint '/Game/ThirdPersonBP/Maps/ThirdPersonExampleMap.ThirdPersonExampleMap:PersistentLevel.ThirdPersonExampleMap' with GeneratedClass '/Game/ThirdPersonBP/Maps/ThirdPersonExampleMap.ThirdPersonExampleMap_C' with ClassGeneratedBy '/Game/ThirdPersonBP/Maps/ThirdPersonExampleMap.ThirdPersonExampleMap:PersistentLevel.ThirdPersonExampleMap'
[2020.10.19-22.31.13:805][302]LogUObjectHash: Compacting FUObjectHashTables data took   1.63ms
[2020.10.19-22.31.13:816][303]LogPlayLevel: Display: Destroying online subsystem :Context_8
[2020.10.19-22.31.35:608][608]LogTemp: Repeating last play command: New Editor Window (PIE)
[2020.10.19-22.31.35:621][608]LogBlueprintUserMessages: Early PlayInEditor Detection: Level '/Game/ThirdPersonBP/Maps/ThirdPersonExampleMap.ThirdPersonExampleMap:PersistentLevel' has LevelScriptBlueprint '/Game/ThirdPersonBP/Maps/ThirdPersonExampleMap.ThirdPersonExampleMap:PersistentLevel.ThirdPersonExampleMap' with GeneratedClass '/Game/ThirdPersonBP/Maps/ThirdPersonExampleMap.ThirdPersonExampleMap_C' with ClassGeneratedBy '/Game/ThirdPersonBP/Maps/ThirdPersonExampleMap.ThirdPersonExampleMap:PersistentLevel.ThirdPersonExampleMap'
[2020.10.19-22.31.35:621][608]LogPlayLevel: PlayLevel: No blueprints needed recompiling
[2020.10.19-22.31.35:621][608]PIE: New page: PIE session: ThirdPersonExampleMap (Oct 19, 2020, 2:31:35 PM)
[2020.10.19-22.31.35:621][608]LogPlayLevel: Creating play world package: /Game/ThirdPersonBP/Maps/UEDPIE_0_ThirdPersonExampleMap
[2020.10.19-22.31.35:636][608]LogPlayLevel: PIE: StaticDuplicateObject took: (0.014662s)
[2020.10.19-22.31.35:637][608]LogAIModule: Creating AISystem for world ThirdPersonExampleMap
[2020.10.19-22.31.35:637][608]LogPlayLevel: PIE: World Init took: (0.001063s)
[2020.10.19-22.31.35:637][608]LogPlayLevel: PIE: Created PIE world by copying editor world from /Game/ThirdPersonBP/Maps/ThirdPersonExampleMap.ThirdPersonExampleMap to /Game/ThirdPersonBP/Maps/UEDPIE_0_ThirdPersonExampleMap.ThirdPersonExampleMap (0.015936s)
[2020.10.19-22.31.35:675][608]LogUObjectHash: Compacting FUObjectHashTables data took   2.18ms
[2020.10.19-22.31.35:685][608]LogInit: XAudio2 using '扬声器 (Realtek High Definition Audio)' : 2 channels at 48 kHz using 32 bits per sample (channel mask 0x3)
[2020.10.19-22.31.35:714][608]LogInit: FAudioDevice initialized.
[2020.10.19-22.31.35:727][608]LogSlate: Updating window title bar state: overlay mode, drag disabled, window buttons hidden, title bar hidden
[2020.10.19-22.31.35:760][608]LogLoad: Game class is 'ThirdPersonGameMode_C'
[2020.10.19-22.31.35:762][608]LogWorld: Bringing World /Game/ThirdPersonBP/Maps/UEDPIE_0_ThirdPersonExampleMap.ThirdPersonExampleMap up for play (max tick rate 60) at 2020.10.19-18.31.35
[2020.10.19-22.31.35:762][608]LogWorld: Bringing up level for play took: 0.001703
[2020.10.19-22.31.35:779][608]PIE: Play in editor start time for /Game/ThirdPersonBP/Maps/UEDPIE_0_ThirdPersonExampleMap 0.868
[2020.10.19-22.31.35:780][608]LogBlueprintUserMessages: Late PlayInEditor Detection: Level '/Game/ThirdPersonBP/Maps/ThirdPersonExampleMap.ThirdPersonExampleMap:PersistentLevel' has LevelScriptBlueprint '/Game/ThirdPersonBP/Maps/ThirdPersonExampleMap.ThirdPersonExampleMap:PersistentLevel.ThirdPersonExampleMap' with GeneratedClass '/Game/ThirdPersonBP/Maps/ThirdPersonExampleMap.ThirdPersonExampleMap_C' with ClassGeneratedBy '/Game/ThirdPersonBP/Maps/ThirdPersonExampleMap.ThirdPersonExampleMap:PersistentLevel.ThirdPersonExampleMap'
[2020.10.19-22.32.10:319][678]LogBlueprintUserMessages: Early EndPlayMap Detection: Level '/Game/ThirdPersonBP/Maps/ThirdPersonExampleMap.ThirdPersonExampleMap:PersistentLevel' has LevelScriptBlueprint '/Game/ThirdPersonBP/Maps/ThirdPersonExampleMap.ThirdPersonExampleMap:PersistentLevel.ThirdPersonExampleMap' with GeneratedClass '/Game/ThirdPersonBP/Maps/ThirdPersonExampleMap.ThirdPersonExampleMap_C' with ClassGeneratedBy '/Game/ThirdPersonBP/Maps/ThirdPersonExampleMap.ThirdPersonExampleMap:PersistentLevel.ThirdPersonExampleMap'
[2020.10.19-22.32.10:320][678]LogSlate: Updating window title bar state: overlay mode, drag disabled, window buttons hidden, title bar hidden
[2020.10.19-22.32.10:337][678]LogSlate: Window 'TPSProject Game Preview Standalone (64-bit/PCD3D_SM5)' being destroyed
[2020.10.19-22.32.10:373][678]LogPlayLevel: Display: Shutting down PIE online subsystems
[2020.10.19-22.32.10:373][678]LogBlueprintUserMessages: Late EndPlayMap Detection: Level '/Game/ThirdPersonBP/Maps/ThirdPersonExampleMap.ThirdPersonExampleMap:PersistentLevel' has LevelScriptBlueprint '/Game/ThirdPersonBP/Maps/ThirdPersonExampleMap.ThirdPersonExampleMap:PersistentLevel.ThirdPersonExampleMap' with GeneratedClass '/Game/ThirdPersonBP/Maps/ThirdPersonExampleMap.ThirdPersonExampleMap_C' with ClassGeneratedBy '/Game/ThirdPersonBP/Maps/ThirdPersonExampleMap.ThirdPersonExampleMap:PersistentLevel.ThirdPersonExampleMap'
[2020.10.19-22.32.10:417][678]LogUObjectHash: Compacting FUObjectHashTables data took   2.71ms
[2020.10.19-22.32.10:437][679]LogPlayLevel: Display: Destroying online subsystem :Context_9
[2020.10.19-22.33.48:851][869]LogUObjectHash: Compacting FUObjectHashTables data took   0.81ms
[2020.10.19-22.33.49:005][869]LogSlate: Window 'TPSProject - Unreal Editor' being destroyed
[2020.10.19-22.33.49:023][869]LogWindowsTextInputMethodSystem: Display: IME system now activated using TSF (Microsoft Pinyin).
[2020.10.19-22.33.49:607][870]Cmd: QUIT_EDITOR
[2020.10.19-22.33.51:017][870]LogExit: Preparing to exit.
[2020.10.19-22.33.52:693][870]LogExit: Editor shut down
[2020.10.19-22.33.52:693][870]LogExit: Transaction tracking system shut down
[2020.10.19-22.33.54:790][870]LogExit: Object subsystem successfully closed.
[2020.10.19-22.33.55:018][870]LogShaderCompilers: Display: Shaders left to compile 0
[2020.10.19-22.33.55:046][870]LogD3D11RHI: Shutdown
[2020.10.19-22.33.55:046][870]LogD3D11RHI: CleanupD3DDevice
[2020.10.19-22.33.55:059][870]LogRendererCore: FGlobalReadBuffer::ReleaseRHI
[2020.10.19-22.33.55:059][870]LogRendererCore: FGlobalDynamicReadBuffer::Cleanup()
[2020.10.19-22.33.55:081][870]LogRendererCore: FGlobalReadBuffer::ReleaseRHI
[2020.10.19-22.33.55:081][870]LogRendererCore: FGlobalDynamicReadBuffer::Cleanup()
[2020.10.19-22.33.55:081][870]LogRendererCore: FGlobalReadBuffer::ReleaseRHI
[2020.10.19-22.33.55:081][870]LogRendererCore: FGlobalDynamicReadBuffer::Cleanup()
[2020.10.19-22.33.55:191][870]LogD3D11RHI: ~FD3D11DynamicRHI
